{
  "/Users/mushan/Documents/project/凯桥ui/src/index.ts": {
    "path": "/Users/mushan/Documents/project/凯桥ui/src/index.ts",
    "statementMap": {},
    "fnMap": {},
    "branchMap": {},
    "s": {},
    "f": {},
    "b": {}
  },
  "/Users/mushan/Documents/project/凯桥ui/src/.umi/umi.ts": {
    "path": "/Users/mushan/Documents/project/凯桥ui/src/.umi/umi.ts",
    "statementMap": {
      "0": {
        "start": { "line": 14, "column": 24 },
        "end": { "line": 33, "column": 2 }
      },
      "1": {
        "start": { "line": 14, "column": 74 },
        "end": { "line": 33, "column": 2 }
      },
      "2": {
        "start": { "line": 18, "column": 17 },
        "end": { "line": 29, "column": 6 }
      },
      "3": {
        "start": { "line": 30, "column": 4 },
        "end": { "line": 30, "column": 30 }
      },
      "4": {
        "start": { "line": 35, "column": 21 },
        "end": { "line": 35, "column": 38 }
      },
      "5": {
        "start": { "line": 39, "column": 4 },
        "end": { "line": 41, "column": 6 }
      },
      "6": {
        "start": { "line": 46, "column": 0 },
        "end": { "line": 58, "column": 1 }
      },
      "7": {
        "start": { "line": 48, "column": 2 },
        "end": { "line": 57, "column": 5 }
      },
      "8": {
        "start": { "line": 49, "column": 16 },
        "end": { "line": 49, "column": 40 }
      },
      "9": {
        "start": { "line": 50, "column": 4 },
        "end": { "line": 56, "column": 5 }
      },
      "10": {
        "start": { "line": 51, "column": 6 },
        "end": { "line": 53, "column": 9 }
      },
      "11": {
        "start": { "line": 52, "column": 8 },
        "end": { "line": 52, "column": 62 }
      },
      "12": {
        "start": { "line": 55, "column": 6 },
        "end": { "line": 55, "column": 64 }
      }
    },
    "fnMap": {
      "0": {
        "name": "(anonymous_0)",
        "decl": {
          "start": { "line": 14, "column": 24 },
          "end": { "line": 14, "column": 25 }
        },
        "loc": {
          "start": { "line": 14, "column": 74 },
          "end": { "line": 33, "column": 2 }
        },
        "line": 14
      },
      "1": {
        "name": "(anonymous_1)",
        "decl": {
          "start": { "line": 17, "column": 16 },
          "end": { "line": 17, "column": 17 }
        },
        "loc": {
          "start": { "line": 17, "column": 22 },
          "end": { "line": 31, "column": 3 }
        },
        "line": 17
      },
      "2": {
        "name": "(anonymous_2)",
        "decl": {
          "start": { "line": 48, "column": 37 },
          "end": { "line": 48, "column": 38 }
        },
        "loc": {
          "start": { "line": 48, "column": 43 },
          "end": { "line": 57, "column": 3 }
        },
        "line": 48
      },
      "3": {
        "name": "(anonymous_3)",
        "decl": {
          "start": { "line": 51, "column": 15 },
          "end": { "line": 51, "column": 16 }
        },
        "loc": {
          "start": { "line": 51, "column": 34 },
          "end": { "line": 53, "column": 7 }
        },
        "line": 51
      }
    },
    "branchMap": {
      "0": {
        "loc": {
          "start": { "line": 14, "column": 25 },
          "end": { "line": 14, "column": 69 }
        },
        "type": "default-arg",
        "locations": [
          {
            "start": { "line": 14, "column": 67 },
            "end": { "line": 14, "column": 69 }
          }
        ],
        "line": 14
      },
      "1": {
        "loc": {
          "start": { "line": 22, "column": 16 },
          "end": { "line": 22, "column": 42 }
        },
        "type": "binary-expr",
        "locations": [
          {
            "start": { "line": 22, "column": 16 },
            "end": { "line": 22, "column": 27 }
          },
          {
            "start": { "line": 22, "column": 31 },
            "end": { "line": 22, "column": 42 }
          }
        ],
        "line": 22
      },
      "2": {
        "loc": {
          "start": { "line": 46, "column": 0 },
          "end": { "line": 58, "column": 1 }
        },
        "type": "if",
        "locations": [
          {
            "start": { "line": 46, "column": 0 },
            "end": { "line": 58, "column": 1 }
          },
          {
            "start": { "line": 46, "column": 0 },
            "end": { "line": 58, "column": 1 }
          }
        ],
        "line": 46
      },
      "3": {
        "loc": {
          "start": { "line": 50, "column": 4 },
          "end": { "line": 56, "column": 5 }
        },
        "type": "if",
        "locations": [
          {
            "start": { "line": 50, "column": 4 },
            "end": { "line": 56, "column": 5 }
          },
          {
            "start": { "line": 50, "column": 4 },
            "end": { "line": 56, "column": 5 }
          }
        ],
        "line": 50
      }
    },
    "s": {
      "0": 0,
      "1": 0,
      "2": 0,
      "3": 0,
      "4": 0,
      "5": 0,
      "6": 0,
      "7": 0,
      "8": 0,
      "9": 0,
      "10": 0,
      "11": 0,
      "12": 0
    },
    "f": { "0": 0, "1": 0, "2": 0, "3": 0 },
    "b": { "0": [0], "1": [0, 0], "2": [0, 0], "3": [0, 0] }
  },
  "/Users/mushan/Documents/project/凯桥ui/src/.umi/core/devScripts.ts": {
    "path": "/Users/mushan/Documents/project/凯桥ui/src/.umi/core/devScripts.ts",
    "statementMap": {
      "0": {
        "start": { "line": 3, "column": 0 },
        "end": { "line": 50, "column": 1 }
      },
      "1": {
        "start": { "line": 6, "column": 4 },
        "end": { "line": 9, "column": 5 }
      },
      "2": {
        "start": { "line": 7, "column": 6 },
        "end": { "line": 7, "column": 31 }
      },
      "3": {
        "start": { "line": 8, "column": 6 },
        "end": { "line": 8, "column": 13 }
      },
      "4": {
        "start": { "line": 13, "column": 6 },
        "end": { "line": 13, "column": 74 }
      },
      "5": {
        "start": { "line": 18, "column": 4 },
        "end": { "line": 20, "column": 5 }
      },
      "6": {
        "start": { "line": 19, "column": 6 },
        "end": { "line": 19, "column": 13 }
      },
      "7": {
        "start": { "line": 23, "column": 6 },
        "end": { "line": 26, "column": 7 }
      },
      "8": {
        "start": { "line": 24, "column": 8 },
        "end": { "line": 24, "column": 33 }
      },
      "9": {
        "start": { "line": 25, "column": 8 },
        "end": { "line": 25, "column": 15 }
      },
      "10": {
        "start": { "line": 28, "column": 6 },
        "end": { "line": 28, "column": 29 }
      },
      "11": {
        "start": { "line": 30, "column": 6 },
        "end": { "line": 33, "column": 7 }
      },
      "12": {
        "start": { "line": 32, "column": 8 },
        "end": { "line": 32, "column": 26 }
      },
      "13": {
        "start": { "line": 37, "column": 4 },
        "end": { "line": 44, "column": 6 }
      },
      "14": {
        "start": { "line": 39, "column": 8 },
        "end": { "line": 39, "column": 49 }
      },
      "15": {
        "start": { "line": 42, "column": 8 },
        "end": { "line": 42, "column": 38 }
      },
      "16": {
        "start": { "line": 47, "column": 2 },
        "end": { "line": 49, "column": 5 }
      }
    },
    "fnMap": {
      "0": {
        "name": "tryApplyUpdates",
        "decl": {
          "start": { "line": 4, "column": 11 },
          "end": { "line": 4, "column": 26 }
        },
        "loc": {
          "start": { "line": 4, "column": 58 },
          "end": { "line": 45, "column": 3 }
        },
        "line": 4
      },
      "1": {
        "name": "isUpdateAvailable",
        "decl": {
          "start": { "line": 11, "column": 13 },
          "end": { "line": 11, "column": 30 }
        },
        "loc": {
          "start": { "line": 11, "column": 33 },
          "end": { "line": 14, "column": 5 }
        },
        "line": 11
      },
      "2": {
        "name": "handleApplyUpdates",
        "decl": {
          "start": { "line": 22, "column": 13 },
          "end": { "line": 22, "column": 31 }
        },
        "loc": {
          "start": { "line": 22, "column": 72 },
          "end": { "line": 34, "column": 5 }
        },
        "line": 22
      },
      "3": {
        "name": "(anonymous_3)",
        "decl": {
          "start": { "line": 38, "column": 6 },
          "end": { "line": 38, "column": 7 }
        },
        "loc": {
          "start": { "line": 38, "column": 37 },
          "end": { "line": 40, "column": 7 }
        },
        "line": 38
      },
      "4": {
        "name": "(anonymous_4)",
        "decl": {
          "start": { "line": 41, "column": 6 },
          "end": { "line": 41, "column": 7 }
        },
        "loc": {
          "start": { "line": 41, "column": 28 },
          "end": { "line": 43, "column": 7 }
        },
        "line": 41
      }
    },
    "branchMap": {
      "0": {
        "loc": {
          "start": { "line": 3, "column": 0 },
          "end": { "line": 50, "column": 1 }
        },
        "type": "if",
        "locations": [
          {
            "start": { "line": 3, "column": 0 },
            "end": { "line": 50, "column": 1 }
          },
          {
            "start": { "line": 3, "column": 0 },
            "end": { "line": 50, "column": 1 }
          }
        ],
        "line": 3
      },
      "1": {
        "loc": {
          "start": { "line": 6, "column": 4 },
          "end": { "line": 9, "column": 5 }
        },
        "type": "if",
        "locations": [
          {
            "start": { "line": 6, "column": 4 },
            "end": { "line": 9, "column": 5 }
          },
          {
            "start": { "line": 6, "column": 4 },
            "end": { "line": 9, "column": 5 }
          }
        ],
        "line": 6
      },
      "2": {
        "loc": {
          "start": { "line": 18, "column": 4 },
          "end": { "line": 20, "column": 5 }
        },
        "type": "if",
        "locations": [
          {
            "start": { "line": 18, "column": 4 },
            "end": { "line": 20, "column": 5 }
          },
          {
            "start": { "line": 18, "column": 4 },
            "end": { "line": 20, "column": 5 }
          }
        ],
        "line": 18
      },
      "3": {
        "loc": {
          "start": { "line": 18, "column": 8 },
          "end": { "line": 18, "column": 62 }
        },
        "type": "binary-expr",
        "locations": [
          {
            "start": { "line": 18, "column": 8 },
            "end": { "line": 18, "column": 28 }
          },
          {
            "start": { "line": 18, "column": 32 },
            "end": { "line": 18, "column": 62 }
          }
        ],
        "line": 18
      },
      "4": {
        "loc": {
          "start": { "line": 23, "column": 6 },
          "end": { "line": 26, "column": 7 }
        },
        "type": "if",
        "locations": [
          {
            "start": { "line": 23, "column": 6 },
            "end": { "line": 26, "column": 7 }
          },
          {
            "start": { "line": 23, "column": 6 },
            "end": { "line": 26, "column": 7 }
          }
        ],
        "line": 23
      },
      "5": {
        "loc": {
          "start": { "line": 23, "column": 10 },
          "end": { "line": 23, "column": 65 }
        },
        "type": "binary-expr",
        "locations": [
          {
            "start": { "line": 23, "column": 10 },
            "end": { "line": 23, "column": 13 }
          },
          {
            "start": { "line": 23, "column": 17 },
            "end": { "line": 23, "column": 32 }
          },
          {
            "start": { "line": 23, "column": 36 },
            "end": { "line": 23, "column": 65 }
          }
        ],
        "line": 23
      },
      "6": {
        "loc": {
          "start": { "line": 30, "column": 6 },
          "end": { "line": 33, "column": 7 }
        },
        "type": "if",
        "locations": [
          {
            "start": { "line": 30, "column": 6 },
            "end": { "line": 33, "column": 7 }
          },
          {
            "start": { "line": 30, "column": 6 },
            "end": { "line": 33, "column": 7 }
          }
        ],
        "line": 30
      }
    },
    "s": {
      "0": 0,
      "1": 0,
      "2": 0,
      "3": 0,
      "4": 0,
      "5": 0,
      "6": 0,
      "7": 0,
      "8": 0,
      "9": 0,
      "10": 0,
      "11": 0,
      "12": 0,
      "13": 0,
      "14": 0,
      "15": 0,
      "16": 0
    },
    "f": { "0": 0, "1": 0, "2": 0, "3": 0, "4": 0 },
    "b": {
      "0": [0, 0],
      "1": [0, 0],
      "2": [0, 0],
      "3": [0, 0],
      "4": [0, 0],
      "5": [0, 0, 0],
      "6": [0, 0]
    }
  },
  "/Users/mushan/Documents/project/凯桥ui/src/.umi/core/history.ts": {
    "path": "/Users/mushan/Documents/project/凯桥ui/src/.umi/core/history.ts",
    "statementMap": {
      "0": {
        "start": { "line": 4, "column": 14 },
        "end": { "line": 6, "column": 1 }
      },
      "1": {
        "start": { "line": 7, "column": 0 },
        "end": { "line": 9, "column": 1 }
      },
      "2": {
        "start": { "line": 8, "column": 2 },
        "end": { "line": 8, "column": 46 }
      },
      "3": {
        "start": { "line": 12, "column": 23 },
        "end": { "line": 12, "column": 85 }
      },
      "4": {
        "start": { "line": 13, "column": 29 },
        "end": { "line": 19, "column": 1 }
      },
      "5": {
        "start": { "line": 14, "column": 2 },
        "end": { "line": 16, "column": 3 }
      },
      "6": {
        "start": { "line": 15, "column": 4 },
        "end": { "line": 15, "column": 44 }
      },
      "7": {
        "start": { "line": 18, "column": 2 },
        "end": { "line": 18, "column": 17 }
      }
    },
    "fnMap": {
      "0": {
        "name": "(anonymous_0)",
        "decl": {
          "start": { "line": 13, "column": 29 },
          "end": { "line": 13, "column": 30 }
        },
        "loc": {
          "start": { "line": 13, "column": 52 },
          "end": { "line": 19, "column": 1 }
        },
        "line": 13
      }
    },
    "branchMap": {
      "0": {
        "loc": {
          "start": { "line": 7, "column": 0 },
          "end": { "line": 9, "column": 1 }
        },
        "type": "if",
        "locations": [
          {
            "start": { "line": 7, "column": 0 },
            "end": { "line": 9, "column": 1 }
          },
          {
            "start": { "line": 7, "column": 0 },
            "end": { "line": 9, "column": 1 }
          }
        ],
        "line": 7
      },
      "1": {
        "loc": {
          "start": { "line": 12, "column": 23 },
          "end": { "line": 12, "column": 85 }
        },
        "type": "cond-expr",
        "locations": [
          {
            "start": { "line": 12, "column": 49 },
            "end": { "line": 12, "column": 53 }
          },
          {
            "start": { "line": 12, "column": 56 },
            "end": { "line": 12, "column": 85 }
          }
        ],
        "line": 12
      },
      "2": {
        "loc": {
          "start": { "line": 13, "column": 30 },
          "end": { "line": 13, "column": 47 }
        },
        "type": "default-arg",
        "locations": [
          {
            "start": { "line": 13, "column": 42 },
            "end": { "line": 13, "column": 47 }
          }
        ],
        "line": 13
      },
      "3": {
        "loc": {
          "start": { "line": 14, "column": 2 },
          "end": { "line": 16, "column": 3 }
        },
        "type": "if",
        "locations": [
          {
            "start": { "line": 14, "column": 2 },
            "end": { "line": 16, "column": 3 }
          },
          {
            "start": { "line": 14, "column": 2 },
            "end": { "line": 16, "column": 3 }
          }
        ],
        "line": 14
      }
    },
    "s": { "0": 0, "1": 0, "2": 0, "3": 0, "4": 0, "5": 0, "6": 0, "7": 0 },
    "f": { "0": 0 },
    "b": { "0": [0, 0], "1": [0, 0], "2": [0], "3": [0, 0] }
  },
  "/Users/mushan/Documents/project/凯桥ui/src/.umi/core/plugin.ts": {
    "path": "/Users/mushan/Documents/project/凯桥ui/src/.umi/core/plugin.ts",
    "statementMap": {
      "0": {
        "start": { "line": 4, "column": 15 },
        "end": { "line": 6, "column": 2 }
      }
    },
    "fnMap": {},
    "branchMap": {},
    "s": { "0": 0 },
    "f": {},
    "b": {}
  },
  "/Users/mushan/Documents/project/凯桥ui/src/.umi/core/pluginRegister.ts": {
    "path": "/Users/mushan/Documents/project/凯桥ui/src/.umi/core/pluginRegister.ts",
    "statementMap": {},
    "fnMap": {},
    "branchMap": {},
    "s": {},
    "f": {},
    "b": {}
  },
  "/Users/mushan/Documents/project/凯桥ui/src/.umi/core/polyfill.ts": {
    "path": "/Users/mushan/Documents/project/凯桥ui/src/.umi/core/polyfill.ts",
    "statementMap": {},
    "fnMap": {},
    "branchMap": {},
    "s": {},
    "f": {},
    "b": {}
  },
  "/Users/mushan/Documents/project/凯桥ui/src/.umi/core/routes.ts": {
    "path": "/Users/mushan/Documents/project/凯桥ui/src/.umi/core/routes.ts",
    "statementMap": {
      "0": {
        "start": { "line": 8, "column": 17 },
        "end": { "line": 1402, "column": 1 }
      },
      "1": {
        "start": { "line": 14, "column": 47 },
        "end": { "line": 14, "column": 170 }
      },
      "2": {
        "start": { "line": 15, "column": 39 },
        "end": { "line": 15, "column": 94 }
      },
      "3": {
        "start": { "line": 16, "column": 35 },
        "end": { "line": 16, "column": 59 }
      },
      "4": {
        "start": { "line": 17, "column": 36 },
        "end": { "line": 17, "column": 57 }
      },
      "5": {
        "start": { "line": 20, "column": 25 },
        "end": { "line": 20, "column": 56 }
      },
      "6": {
        "start": { "line": 23, "column": 6 },
        "end": { "line": 23, "column": 24 }
      },
      "7": {
        "start": { "line": 25, "column": 6 },
        "end": { "line": 40, "column": 7 }
      },
      "8": {
        "start": { "line": 28, "column": 10 },
        "end": { "line": 28, "column": 31 }
      },
      "9": {
        "start": { "line": 32, "column": 10 },
        "end": { "line": 36, "column": 12 }
      },
      "10": {
        "start": { "line": 39, "column": 10 },
        "end": { "line": 39, "column": 64 }
      },
      "11": {
        "start": { "line": 1400, "column": 28 },
        "end": { "line": 1400, "column": 42 }
      },
      "12": {
        "start": { "line": 1405, "column": 2 },
        "end": { "line": 1409, "column": 5 }
      },
      "13": {
        "start": { "line": 1411, "column": 2 },
        "end": { "line": 1411, "column": 16 }
      }
    },
    "fnMap": {
      "0": {
        "name": "getRoutes",
        "decl": {
          "start": { "line": 7, "column": 16 },
          "end": { "line": 7, "column": 25 }
        },
        "loc": {
          "start": { "line": 7, "column": 28 },
          "end": { "line": 1412, "column": 1 }
        },
        "line": 7
      },
      "1": {
        "name": "(anonymous_1)",
        "decl": {
          "start": { "line": 13, "column": 17 },
          "end": { "line": 13, "column": 18 }
        },
        "loc": {
          "start": { "line": 13, "column": 28 },
          "end": { "line": 42, "column": 9 }
        },
        "line": 13
      },
      "2": {
        "name": "(anonymous_2)",
        "decl": {
          "start": { "line": 1400, "column": 17 },
          "end": { "line": 1400, "column": 18 }
        },
        "loc": {
          "start": { "line": 1400, "column": 28 },
          "end": { "line": 1400, "column": 42 }
        },
        "line": 1400
      }
    },
    "branchMap": {
      "0": {
        "loc": {
          "start": { "line": 25, "column": 6 },
          "end": { "line": 40, "column": 7 }
        },
        "type": "switch",
        "locations": [
          {
            "start": { "line": 26, "column": 8 },
            "end": { "line": 28, "column": 31 }
          },
          {
            "start": { "line": 30, "column": 8 },
            "end": { "line": 36, "column": 12 }
          },
          {
            "start": { "line": 38, "column": 8 },
            "end": { "line": 39, "column": 64 }
          }
        ],
        "line": 25
      }
    },
    "s": {
      "0": 0,
      "1": 0,
      "2": 0,
      "3": 0,
      "4": 0,
      "5": 0,
      "6": 0,
      "7": 0,
      "8": 0,
      "9": 0,
      "10": 0,
      "11": 0,
      "12": 0,
      "13": 0
    },
    "f": { "0": 0, "1": 0, "2": 0 },
    "b": { "0": [0, 0, 0] }
  },
  "/Users/mushan/Documents/project/凯桥ui/src/.umi/core/umiExports.ts": {
    "path": "/Users/mushan/Documents/project/凯桥ui/src/.umi/core/umiExports.ts",
    "statementMap": {},
    "fnMap": {},
    "branchMap": {},
    "s": {},
    "f": {},
    "b": {}
  },
  "/Users/mushan/Documents/project/凯桥ui/src/.umi/dumi/demos/index.ts": {
    "path": "/Users/mushan/Documents/project/凯桥ui/src/.umi/dumi/demos/index.ts",
    "statementMap": {
      "0": {
        "start": { "line": 10, "column": 31 },
        "end": { "line": 10, "column": 183 }
      },
      "1": {
        "start": { "line": 12, "column": 15 },
        "end": { "line": 12, "column": 55 }
      },
      "2": {
        "start": { "line": 14, "column": 12 },
        "end": { "line": 14, "column": 33 }
      },
      "3": {
        "start": { "line": 16, "column": 17 },
        "end": { "line": 27, "column": 3 }
      },
      "4": {
        "start": { "line": 17, "column": 4 },
        "end": { "line": 26, "column": 36 }
      },
      "5": {
        "start": { "line": 23, "column": 8 },
        "end": { "line": 23, "column": 67 }
      },
      "6": {
        "start": { "line": 29, "column": 2 },
        "end": { "line": 29, "column": 51 }
      },
      "7": {
        "start": { "line": 35, "column": 31 },
        "end": { "line": 35, "column": 183 }
      },
      "8": {
        "start": { "line": 37, "column": 15 },
        "end": { "line": 37, "column": 55 }
      },
      "9": {
        "start": { "line": 39, "column": 12 },
        "end": { "line": 39, "column": 33 }
      },
      "10": {
        "start": { "line": 41, "column": 17 },
        "end": { "line": 52, "column": 3 }
      },
      "11": {
        "start": { "line": 42, "column": 4 },
        "end": { "line": 51, "column": 8 }
      },
      "12": {
        "start": { "line": 54, "column": 2 },
        "end": { "line": 54, "column": 51 }
      },
      "13": {
        "start": { "line": 60, "column": 31 },
        "end": { "line": 60, "column": 183 }
      },
      "14": {
        "start": { "line": 62, "column": 15 },
        "end": { "line": 62, "column": 55 }
      },
      "15": {
        "start": { "line": 64, "column": 12 },
        "end": { "line": 64, "column": 33 }
      },
      "16": {
        "start": { "line": 66, "column": 17 },
        "end": { "line": 104, "column": 3 }
      },
      "17": {
        "start": { "line": 67, "column": 4 },
        "end": { "line": 103, "column": 42 }
      },
      "18": {
        "start": { "line": 106, "column": 2 },
        "end": { "line": 106, "column": 51 }
      },
      "19": {
        "start": { "line": 112, "column": 31 },
        "end": { "line": 112, "column": 183 }
      },
      "20": {
        "start": { "line": 114, "column": 15 },
        "end": { "line": 114, "column": 55 }
      },
      "21": {
        "start": { "line": 116, "column": 12 },
        "end": { "line": 116, "column": 33 }
      },
      "22": {
        "start": { "line": 118, "column": 17 },
        "end": { "line": 131, "column": 3 }
      },
      "23": {
        "start": { "line": 119, "column": 4 },
        "end": { "line": 130, "column": 8 }
      },
      "24": {
        "start": { "line": 124, "column": 8 },
        "end": { "line": 128, "column": 33 }
      },
      "25": {
        "start": { "line": 133, "column": 2 },
        "end": { "line": 133, "column": 51 }
      },
      "26": {
        "start": { "line": 139, "column": 32 },
        "end": { "line": 139, "column": 185 }
      },
      "27": {
        "start": { "line": 141, "column": 31 },
        "end": { "line": 141, "column": 183 }
      },
      "28": {
        "start": { "line": 143, "column": 24 },
        "end": { "line": 143, "column": 196 }
      },
      "29": {
        "start": { "line": 145, "column": 15 },
        "end": { "line": 145, "column": 56 }
      },
      "30": {
        "start": { "line": 147, "column": 12 },
        "end": { "line": 147, "column": 33 }
      },
      "31": {
        "start": { "line": 149, "column": 17 },
        "end": { "line": 175, "column": 3 }
      },
      "32": {
        "start": { "line": 150, "column": 20 },
        "end": { "line": 150, "column": 47 }
      },
      "33": {
        "start": { "line": 151, "column": 21 },
        "end": { "line": 151, "column": 66 }
      },
      "34": {
        "start": { "line": 152, "column": 21 },
        "end": { "line": 152, "column": 34 }
      },
      "35": {
        "start": { "line": 153, "column": 24 },
        "end": { "line": 153, "column": 37 }
      },
      "36": {
        "start": { "line": 155, "column": 4 },
        "end": { "line": 174, "column": 9 }
      },
      "37": {
        "start": { "line": 161, "column": 8 },
        "end": { "line": 161, "column": 32 }
      },
      "38": {
        "start": { "line": 170, "column": 6 },
        "end": { "line": 173, "column": 21 }
      },
      "39": {
        "start": { "line": 177, "column": 2 },
        "end": { "line": 177, "column": 51 }
      },
      "40": {
        "start": { "line": 183, "column": 31 },
        "end": { "line": 183, "column": 183 }
      },
      "41": {
        "start": { "line": 185, "column": 15 },
        "end": { "line": 185, "column": 55 }
      },
      "42": {
        "start": { "line": 187, "column": 12 },
        "end": { "line": 187, "column": 33 }
      },
      "43": {
        "start": { "line": 189, "column": 13 },
        "end": { "line": 189, "column": 33 }
      },
      "44": {
        "start": { "line": 191, "column": 19 },
        "end": { "line": 210, "column": 3 }
      },
      "45": {
        "start": { "line": 192, "column": 4 },
        "end": { "line": 209, "column": 14 }
      },
      "46": {
        "start": { "line": 212, "column": 14 },
        "end": { "line": 212, "column": 81 }
      },
      "47": {
        "start": { "line": 214, "column": 17 },
        "end": { "line": 222, "column": 3 }
      },
      "48": {
        "start": { "line": 215, "column": 4 },
        "end": { "line": 221, "column": 31 }
      },
      "49": {
        "start": { "line": 224, "column": 2 },
        "end": { "line": 224, "column": 51 }
      },
      "50": {
        "start": { "line": 230, "column": 32 },
        "end": { "line": 230, "column": 185 }
      },
      "51": {
        "start": { "line": 232, "column": 31 },
        "end": { "line": 232, "column": 183 }
      },
      "52": {
        "start": { "line": 234, "column": 24 },
        "end": { "line": 234, "column": 196 }
      },
      "53": {
        "start": { "line": 236, "column": 15 },
        "end": { "line": 236, "column": 56 }
      },
      "54": {
        "start": { "line": 238, "column": 12 },
        "end": { "line": 238, "column": 33 }
      },
      "55": {
        "start": { "line": 240, "column": 17 },
        "end": { "line": 290, "column": 3 }
      },
      "56": {
        "start": { "line": 241, "column": 20 },
        "end": { "line": 241, "column": 45 }
      },
      "57": {
        "start": { "line": 242, "column": 21 },
        "end": { "line": 242, "column": 66 }
      },
      "58": {
        "start": { "line": 243, "column": 21 },
        "end": { "line": 243, "column": 34 }
      },
      "59": {
        "start": { "line": 244, "column": 24 },
        "end": { "line": 244, "column": 37 }
      },
      "60": {
        "start": { "line": 246, "column": 19 },
        "end": { "line": 254, "column": 10 }
      },
      "61": {
        "start": { "line": 247, "column": 6 },
        "end": { "line": 253, "column": 9 }
      },
      "62": {
        "start": { "line": 255, "column": 19 },
        "end": { "line": 263, "column": 10 }
      },
      "63": {
        "start": { "line": 256, "column": 6 },
        "end": { "line": 262, "column": 9 }
      },
      "64": {
        "start": { "line": 264, "column": 4 },
        "end": { "line": 289, "column": 75 }
      },
      "65": {
        "start": { "line": 292, "column": 2 },
        "end": { "line": 292, "column": 51 }
      },
      "66": {
        "start": { "line": 298, "column": 31 },
        "end": { "line": 298, "column": 183 }
      },
      "67": {
        "start": { "line": 300, "column": 15 },
        "end": { "line": 300, "column": 55 }
      },
      "68": {
        "start": { "line": 302, "column": 12 },
        "end": { "line": 302, "column": 33 }
      },
      "69": {
        "start": { "line": 304, "column": 13 },
        "end": { "line": 304, "column": 33 }
      },
      "70": {
        "start": { "line": 306, "column": 17 },
        "end": { "line": 330, "column": 3 }
      },
      "71": {
        "start": { "line": 307, "column": 4 },
        "end": { "line": 329, "column": 1767 }
      },
      "72": {
        "start": { "line": 332, "column": 2 },
        "end": { "line": 332, "column": 51 }
      },
      "73": {
        "start": { "line": 338, "column": 32 },
        "end": { "line": 338, "column": 185 }
      },
      "74": {
        "start": { "line": 340, "column": 31 },
        "end": { "line": 340, "column": 183 }
      },
      "75": {
        "start": { "line": 342, "column": 24 },
        "end": { "line": 342, "column": 196 }
      },
      "76": {
        "start": { "line": 344, "column": 15 },
        "end": { "line": 344, "column": 56 }
      },
      "77": {
        "start": { "line": 346, "column": 12 },
        "end": { "line": 346, "column": 33 }
      },
      "78": {
        "start": { "line": 348, "column": 17 },
        "end": { "line": 366, "column": 3 }
      },
      "79": {
        "start": { "line": 349, "column": 20 },
        "end": { "line": 349, "column": 47 }
      },
      "80": {
        "start": { "line": 350, "column": 21 },
        "end": { "line": 350, "column": 66 }
      },
      "81": {
        "start": { "line": 351, "column": 17 },
        "end": { "line": 351, "column": 30 }
      },
      "82": {
        "start": { "line": 352, "column": 20 },
        "end": { "line": 352, "column": 33 }
      },
      "83": {
        "start": { "line": 354, "column": 4 },
        "end": { "line": 365, "column": 24 }
      },
      "84": {
        "start": { "line": 363, "column": 8 },
        "end": { "line": 363, "column": 34 }
      },
      "85": {
        "start": { "line": 368, "column": 2 },
        "end": { "line": 368, "column": 51 }
      },
      "86": {
        "start": { "line": 374, "column": 32 },
        "end": { "line": 374, "column": 185 }
      },
      "87": {
        "start": { "line": 376, "column": 31 },
        "end": { "line": 376, "column": 183 }
      },
      "88": {
        "start": { "line": 378, "column": 18 },
        "end": { "line": 378, "column": 184 }
      },
      "89": {
        "start": { "line": 380, "column": 24 },
        "end": { "line": 380, "column": 196 }
      },
      "90": {
        "start": { "line": 382, "column": 15 },
        "end": { "line": 382, "column": 56 }
      },
      "91": {
        "start": { "line": 384, "column": 12 },
        "end": { "line": 384, "column": 33 }
      },
      "92": {
        "start": { "line": 386, "column": 13 },
        "end": { "line": 425, "column": 3 }
      },
      "93": {
        "start": { "line": 387, "column": 24 },
        "end": { "line": 387, "column": 42 }
      },
      "94": {
        "start": { "line": 388, "column": 25 },
        "end": { "line": 388, "column": 74 }
      },
      "95": {
        "start": { "line": 389, "column": 15 },
        "end": { "line": 389, "column": 32 }
      },
      "96": {
        "start": { "line": 391, "column": 4 },
        "end": { "line": 424, "column": 24 }
      },
      "97": {
        "start": { "line": 422, "column": 8 },
        "end": { "line": 422, "column": 29 }
      },
      "98": {
        "start": { "line": 427, "column": 17 },
        "end": { "line": 448, "column": 3 }
      },
      "99": {
        "start": { "line": 428, "column": 20 },
        "end": { "line": 428, "column": 47 }
      },
      "100": {
        "start": { "line": 429, "column": 21 },
        "end": { "line": 429, "column": 66 }
      },
      "101": {
        "start": { "line": 430, "column": 19 },
        "end": { "line": 430, "column": 32 }
      },
      "102": {
        "start": { "line": 431, "column": 22 },
        "end": { "line": 431, "column": 35 }
      },
      "103": {
        "start": { "line": 433, "column": 25 },
        "end": { "line": 433, "column": 43 }
      },
      "104": {
        "start": { "line": 434, "column": 25 },
        "end": { "line": 434, "column": 75 }
      },
      "105": {
        "start": { "line": 435, "column": 15 },
        "end": { "line": 435, "column": 32 }
      },
      "106": {
        "start": { "line": 437, "column": 4 },
        "end": { "line": 447, "column": 67 }
      },
      "107": {
        "start": { "line": 450, "column": 2 },
        "end": { "line": 450, "column": 51 }
      },
      "108": {
        "start": { "line": 456, "column": 31 },
        "end": { "line": 456, "column": 183 }
      },
      "109": {
        "start": { "line": 458, "column": 24 },
        "end": { "line": 458, "column": 196 }
      },
      "110": {
        "start": { "line": 460, "column": 15 },
        "end": { "line": 460, "column": 55 }
      },
      "111": {
        "start": { "line": 462, "column": 12 },
        "end": { "line": 462, "column": 33 }
      },
      "112": {
        "start": { "line": 464, "column": 17 },
        "end": { "line": 553, "column": 3 }
      },
      "113": {
        "start": { "line": 465, "column": 24 },
        "end": { "line": 465, "column": 42 }
      },
      "114": {
        "start": { "line": 466, "column": 25 },
        "end": { "line": 466, "column": 74 }
      },
      "115": {
        "start": { "line": 467, "column": 15 },
        "end": { "line": 467, "column": 32 }
      },
      "116": {
        "start": { "line": 469, "column": 25 },
        "end": { "line": 469, "column": 43 }
      },
      "117": {
        "start": { "line": 470, "column": 25 },
        "end": { "line": 470, "column": 75 }
      },
      "118": {
        "start": { "line": 471, "column": 16 },
        "end": { "line": 471, "column": 33 }
      },
      "119": {
        "start": { "line": 473, "column": 4 },
        "end": { "line": 552, "column": 24 }
      },
      "120": {
        "start": { "line": 520, "column": 8 },
        "end": { "line": 520, "column": 29 }
      },
      "121": {
        "start": { "line": 538, "column": 26 },
        "end": { "line": 538, "column": 44 }
      },
      "122": {
        "start": { "line": 539, "column": 6 },
        "end": { "line": 546, "column": 9 }
      },
      "123": {
        "start": { "line": 550, "column": 8 },
        "end": { "line": 550, "column": 30 }
      },
      "124": {
        "start": { "line": 555, "column": 2 },
        "end": { "line": 555, "column": 51 }
      },
      "125": {
        "start": { "line": 561, "column": 31 },
        "end": { "line": 561, "column": 183 }
      },
      "126": {
        "start": { "line": 563, "column": 15 },
        "end": { "line": 563, "column": 55 }
      },
      "127": {
        "start": { "line": 565, "column": 12 },
        "end": { "line": 565, "column": 33 }
      },
      "128": {
        "start": { "line": 567, "column": 17 },
        "end": { "line": 581, "column": 3 }
      },
      "129": {
        "start": { "line": 568, "column": 4 },
        "end": { "line": 580, "column": 24 }
      },
      "130": {
        "start": { "line": 574, "column": 8 },
        "end": { "line": 576, "column": 11 }
      },
      "131": {
        "start": { "line": 577, "column": 8 },
        "end": { "line": 577, "column": 42 }
      },
      "132": {
        "start": { "line": 583, "column": 2 },
        "end": { "line": 583, "column": 51 }
      },
      "133": {
        "start": { "line": 589, "column": 31 },
        "end": { "line": 589, "column": 183 }
      },
      "134": {
        "start": { "line": 591, "column": 15 },
        "end": { "line": 591, "column": 55 }
      },
      "135": {
        "start": { "line": 593, "column": 12 },
        "end": { "line": 593, "column": 33 }
      },
      "136": {
        "start": { "line": 595, "column": 19 },
        "end": { "line": 610, "column": 3 }
      },
      "137": {
        "start": { "line": 596, "column": 4 },
        "end": { "line": 609, "column": 14 }
      },
      "138": {
        "start": { "line": 612, "column": 14 },
        "end": { "line": 612, "column": 191 }
      },
      "139": {
        "start": { "line": 614, "column": 17 },
        "end": { "line": 622, "column": 3 }
      },
      "140": {
        "start": { "line": 615, "column": 4 },
        "end": { "line": 621, "column": 31 }
      },
      "141": {
        "start": { "line": 624, "column": 2 },
        "end": { "line": 624, "column": 51 }
      },
      "142": {
        "start": { "line": 630, "column": 32 },
        "end": { "line": 630, "column": 185 }
      },
      "143": {
        "start": { "line": 632, "column": 31 },
        "end": { "line": 632, "column": 183 }
      },
      "144": {
        "start": { "line": 634, "column": 24 },
        "end": { "line": 634, "column": 196 }
      },
      "145": {
        "start": { "line": 636, "column": 15 },
        "end": { "line": 636, "column": 56 }
      },
      "146": {
        "start": { "line": 638, "column": 12 },
        "end": { "line": 638, "column": 33 }
      },
      "147": {
        "start": { "line": 640, "column": 17 },
        "end": { "line": 678, "column": 3 }
      },
      "148": {
        "start": { "line": 641, "column": 20 },
        "end": { "line": 641, "column": 43 }
      },
      "149": {
        "start": { "line": 642, "column": 21 },
        "end": { "line": 642, "column": 66 }
      },
      "150": {
        "start": { "line": 643, "column": 16 },
        "end": { "line": 643, "column": 29 }
      },
      "151": {
        "start": { "line": 644, "column": 19 },
        "end": { "line": 644, "column": 32 }
      },
      "152": {
        "start": { "line": 646, "column": 4 },
        "end": { "line": 677, "column": 8 }
      },
      "153": {
        "start": { "line": 662, "column": 8 },
        "end": { "line": 662, "column": 38 }
      },
      "154": {
        "start": { "line": 680, "column": 2 },
        "end": { "line": 680, "column": 51 }
      },
      "155": {
        "start": { "line": 686, "column": 31 },
        "end": { "line": 686, "column": 183 }
      },
      "156": {
        "start": { "line": 688, "column": 15 },
        "end": { "line": 688, "column": 55 }
      },
      "157": {
        "start": { "line": 690, "column": 12 },
        "end": { "line": 690, "column": 33 }
      },
      "158": {
        "start": { "line": 692, "column": 17 },
        "end": { "line": 692, "column": 116 }
      },
      "159": {
        "start": { "line": 694, "column": 17 },
        "end": { "line": 709, "column": 3 }
      },
      "160": {
        "start": { "line": 695, "column": 4 },
        "end": { "line": 708, "column": 8 }
      },
      "161": {
        "start": { "line": 702, "column": 21 },
        "end": { "line": 702, "column": 32 }
      },
      "162": {
        "start": { "line": 703, "column": 17 },
        "end": { "line": 703, "column": 24 }
      },
      "163": {
        "start": { "line": 704, "column": 8 },
        "end": { "line": 706, "column": 44 }
      },
      "164": {
        "start": { "line": 711, "column": 2 },
        "end": { "line": 711, "column": 51 }
      },
      "165": {
        "start": { "line": 717, "column": 32 },
        "end": { "line": 717, "column": 185 }
      },
      "166": {
        "start": { "line": 719, "column": 31 },
        "end": { "line": 719, "column": 183 }
      },
      "167": {
        "start": { "line": 721, "column": 24 },
        "end": { "line": 721, "column": 196 }
      },
      "168": {
        "start": { "line": 723, "column": 15 },
        "end": { "line": 723, "column": 56 }
      },
      "169": {
        "start": { "line": 725, "column": 12 },
        "end": { "line": 725, "column": 33 }
      },
      "170": {
        "start": { "line": 727, "column": 17 },
        "end": { "line": 761, "column": 3 }
      },
      "171": {
        "start": { "line": 728, "column": 20 },
        "end": { "line": 728, "column": 47 }
      },
      "172": {
        "start": { "line": 729, "column": 21 },
        "end": { "line": 729, "column": 66 }
      },
      "173": {
        "start": { "line": 730, "column": 19 },
        "end": { "line": 730, "column": 32 }
      },
      "174": {
        "start": { "line": 731, "column": 22 },
        "end": { "line": 731, "column": 35 }
      },
      "175": {
        "start": { "line": 733, "column": 21 },
        "end": { "line": 733, "column": 48 }
      },
      "176": {
        "start": { "line": 734, "column": 21 },
        "end": { "line": 734, "column": 67 }
      },
      "177": {
        "start": { "line": 735, "column": 19 },
        "end": { "line": 735, "column": 32 }
      },
      "178": {
        "start": { "line": 736, "column": 22 },
        "end": { "line": 736, "column": 35 }
      },
      "179": {
        "start": { "line": 738, "column": 4 },
        "end": { "line": 760, "column": 44 }
      },
      "180": {
        "start": { "line": 745, "column": 8 },
        "end": { "line": 745, "column": 26 }
      },
      "181": {
        "start": { "line": 746, "column": 8 },
        "end": { "line": 748, "column": 17 }
      },
      "182": {
        "start": { "line": 747, "column": 10 },
        "end": { "line": 747, "column": 29 }
      },
      "183": {
        "start": { "line": 755, "column": 8 },
        "end": { "line": 755, "column": 26 }
      },
      "184": {
        "start": { "line": 756, "column": 8 },
        "end": { "line": 758, "column": 17 }
      },
      "185": {
        "start": { "line": 757, "column": 10 },
        "end": { "line": 757, "column": 29 }
      },
      "186": {
        "start": { "line": 763, "column": 2 },
        "end": { "line": 763, "column": 51 }
      },
      "187": {
        "start": { "line": 769, "column": 31 },
        "end": { "line": 769, "column": 183 }
      },
      "188": {
        "start": { "line": 771, "column": 15 },
        "end": { "line": 771, "column": 55 }
      },
      "189": {
        "start": { "line": 773, "column": 12 },
        "end": { "line": 773, "column": 33 }
      },
      "190": {
        "start": { "line": 775, "column": 17 },
        "end": { "line": 803, "column": 3 }
      },
      "191": {
        "start": { "line": 776, "column": 4 },
        "end": { "line": 802, "column": 8 }
      },
      "192": {
        "start": { "line": 805, "column": 2 },
        "end": { "line": 805, "column": 51 }
      },
      "193": {
        "start": { "line": 811, "column": 32 },
        "end": { "line": 811, "column": 185 }
      },
      "194": {
        "start": { "line": 813, "column": 31 },
        "end": { "line": 813, "column": 183 }
      },
      "195": {
        "start": { "line": 815, "column": 24 },
        "end": { "line": 815, "column": 196 }
      },
      "196": {
        "start": { "line": 817, "column": 15 },
        "end": { "line": 817, "column": 56 }
      },
      "197": {
        "start": { "line": 819, "column": 12 },
        "end": { "line": 819, "column": 33 }
      },
      "198": {
        "start": { "line": 821, "column": 17 },
        "end": { "line": 847, "column": 3 }
      },
      "199": {
        "start": { "line": 822, "column": 20 },
        "end": { "line": 822, "column": 46 }
      },
      "200": {
        "start": { "line": 823, "column": 21 },
        "end": { "line": 823, "column": 66 }
      },
      "201": {
        "start": { "line": 824, "column": 15 },
        "end": { "line": 824, "column": 28 }
      },
      "202": {
        "start": { "line": 825, "column": 18 },
        "end": { "line": 825, "column": 31 }
      },
      "203": {
        "start": { "line": 827, "column": 4 },
        "end": { "line": 846, "column": 60 }
      },
      "204": {
        "start": { "line": 844, "column": 8 },
        "end": { "line": 844, "column": 30 }
      },
      "205": {
        "start": { "line": 849, "column": 2 },
        "end": { "line": 849, "column": 51 }
      },
      "206": {
        "start": { "line": 855, "column": 31 },
        "end": { "line": 855, "column": 183 }
      },
      "207": {
        "start": { "line": 857, "column": 15 },
        "end": { "line": 857, "column": 55 }
      },
      "208": {
        "start": { "line": 859, "column": 12 },
        "end": { "line": 859, "column": 33 }
      },
      "209": {
        "start": { "line": 861, "column": 17 },
        "end": { "line": 866, "column": 3 }
      },
      "210": {
        "start": { "line": 862, "column": 4 },
        "end": { "line": 865, "column": 166 }
      },
      "211": {
        "start": { "line": 868, "column": 2 },
        "end": { "line": 868, "column": 51 }
      },
      "212": {
        "start": { "line": 874, "column": 31 },
        "end": { "line": 874, "column": 183 }
      },
      "213": {
        "start": { "line": 876, "column": 15 },
        "end": { "line": 876, "column": 55 }
      },
      "214": {
        "start": { "line": 878, "column": 12 },
        "end": { "line": 878, "column": 33 }
      },
      "215": {
        "start": { "line": 880, "column": 17 },
        "end": { "line": 900, "column": 3 }
      },
      "216": {
        "start": { "line": 881, "column": 4 },
        "end": { "line": 899, "column": 9 }
      },
      "217": {
        "start": { "line": 896, "column": 6 },
        "end": { "line": 898, "column": 23 }
      },
      "218": {
        "start": { "line": 902, "column": 2 },
        "end": { "line": 902, "column": 51 }
      },
      "219": {
        "start": { "line": 908, "column": 31 },
        "end": { "line": 908, "column": 183 }
      },
      "220": {
        "start": { "line": 910, "column": 15 },
        "end": { "line": 910, "column": 55 }
      },
      "221": {
        "start": { "line": 912, "column": 12 },
        "end": { "line": 912, "column": 33 }
      },
      "222": {
        "start": { "line": 914, "column": 17 },
        "end": { "line": 925, "column": 3 }
      },
      "223": {
        "start": { "line": 915, "column": 4 },
        "end": { "line": 924, "column": 36 }
      },
      "224": {
        "start": { "line": 927, "column": 2 },
        "end": { "line": 927, "column": 51 }
      },
      "225": {
        "start": { "line": 933, "column": 31 },
        "end": { "line": 933, "column": 183 }
      },
      "226": {
        "start": { "line": 935, "column": 15 },
        "end": { "line": 935, "column": 55 }
      },
      "227": {
        "start": { "line": 937, "column": 12 },
        "end": { "line": 937, "column": 33 }
      },
      "228": {
        "start": { "line": 939, "column": 17 },
        "end": { "line": 957, "column": 3 }
      },
      "229": {
        "start": { "line": 940, "column": 4 },
        "end": { "line": 956, "column": 25 }
      },
      "230": {
        "start": { "line": 959, "column": 2 },
        "end": { "line": 959, "column": 51 }
      },
      "231": {
        "start": { "line": 965, "column": 31 },
        "end": { "line": 965, "column": 183 }
      },
      "232": {
        "start": { "line": 967, "column": 15 },
        "end": { "line": 967, "column": 55 }
      },
      "233": {
        "start": { "line": 969, "column": 12 },
        "end": { "line": 969, "column": 33 }
      },
      "234": {
        "start": { "line": 971, "column": 17 },
        "end": { "line": 982, "column": 3 }
      },
      "235": {
        "start": { "line": 972, "column": 4 },
        "end": { "line": 981, "column": 8 }
      },
      "236": {
        "start": { "line": 984, "column": 2 },
        "end": { "line": 984, "column": 51 }
      },
      "237": {
        "start": { "line": 990, "column": 32 },
        "end": { "line": 990, "column": 185 }
      },
      "238": {
        "start": { "line": 992, "column": 31 },
        "end": { "line": 992, "column": 183 }
      },
      "239": {
        "start": { "line": 994, "column": 24 },
        "end": { "line": 994, "column": 196 }
      },
      "240": {
        "start": { "line": 996, "column": 15 },
        "end": { "line": 996, "column": 56 }
      },
      "241": {
        "start": { "line": 998, "column": 12 },
        "end": { "line": 998, "column": 33 }
      },
      "242": {
        "start": { "line": 1000, "column": 17 },
        "end": { "line": 1108, "column": 3 }
      },
      "243": {
        "start": { "line": 1001, "column": 20 },
        "end": { "line": 1001, "column": 45 }
      },
      "244": {
        "start": { "line": 1002, "column": 21 },
        "end": { "line": 1002, "column": 66 }
      },
      "245": {
        "start": { "line": 1003, "column": 21 },
        "end": { "line": 1003, "column": 34 }
      },
      "246": {
        "start": { "line": 1004, "column": 24 },
        "end": { "line": 1004, "column": 37 }
      },
      "247": {
        "start": { "line": 1006, "column": 4 },
        "end": { "line": 1107, "column": 9 }
      },
      "248": {
        "start": { "line": 1012, "column": 8 },
        "end": { "line": 1012, "column": 32 }
      },
      "249": {
        "start": { "line": 1036, "column": 6 },
        "end": { "line": 1039, "column": 21 }
      },
      "250": {
        "start": { "line": 1043, "column": 8 },
        "end": { "line": 1043, "column": 32 }
      },
      "251": {
        "start": { "line": 1067, "column": 6 },
        "end": { "line": 1072, "column": 21 }
      },
      "252": {
        "start": { "line": 1076, "column": 8 },
        "end": { "line": 1076, "column": 32 }
      },
      "253": {
        "start": { "line": 1100, "column": 6 },
        "end": { "line": 1106, "column": 21 }
      },
      "254": {
        "start": { "line": 1110, "column": 2 },
        "end": { "line": 1110, "column": 51 }
      },
      "255": {
        "start": { "line": 1116, "column": 32 },
        "end": { "line": 1116, "column": 185 }
      },
      "256": {
        "start": { "line": 1118, "column": 31 },
        "end": { "line": 1118, "column": 183 }
      },
      "257": {
        "start": { "line": 1120, "column": 24 },
        "end": { "line": 1120, "column": 196 }
      },
      "258": {
        "start": { "line": 1122, "column": 15 },
        "end": { "line": 1122, "column": 56 }
      },
      "259": {
        "start": { "line": 1124, "column": 12 },
        "end": { "line": 1124, "column": 33 }
      },
      "260": {
        "start": { "line": 1126, "column": 17 },
        "end": { "line": 1200, "column": 3 }
      },
      "261": {
        "start": { "line": 1127, "column": 20 },
        "end": { "line": 1127, "column": 43 }
      },
      "262": {
        "start": { "line": 1128, "column": 21 },
        "end": { "line": 1128, "column": 66 }
      },
      "263": {
        "start": { "line": 1129, "column": 16 },
        "end": { "line": 1129, "column": 29 }
      },
      "264": {
        "start": { "line": 1130, "column": 19 },
        "end": { "line": 1130, "column": 32 }
      },
      "265": {
        "start": { "line": 1132, "column": 4 },
        "end": { "line": 1199, "column": 8 }
      },
      "266": {
        "start": { "line": 1172, "column": 8 },
        "end": { "line": 1183, "column": 9 }
      },
      "267": {
        "start": { "line": 1173, "column": 10 },
        "end": { "line": 1177, "column": 13 }
      },
      "268": {
        "start": { "line": 1179, "column": 10 },
        "end": { "line": 1182, "column": 13 }
      },
      "269": {
        "start": { "line": 1202, "column": 2 },
        "end": { "line": 1202, "column": 51 }
      },
      "270": {
        "start": { "line": 1208, "column": 31 },
        "end": { "line": 1208, "column": 183 }
      },
      "271": {
        "start": { "line": 1210, "column": 15 },
        "end": { "line": 1210, "column": 55 }
      },
      "272": {
        "start": { "line": 1212, "column": 12 },
        "end": { "line": 1212, "column": 33 }
      },
      "273": {
        "start": { "line": 1214, "column": 17 },
        "end": { "line": 1222, "column": 3 }
      },
      "274": {
        "start": { "line": 1215, "column": 4 },
        "end": { "line": 1221, "column": 8 }
      },
      "275": {
        "start": { "line": 1224, "column": 2 },
        "end": { "line": 1224, "column": 51 }
      },
      "276": {
        "start": { "line": 1230, "column": 31 },
        "end": { "line": 1230, "column": 183 }
      },
      "277": {
        "start": { "line": 1232, "column": 15 },
        "end": { "line": 1232, "column": 55 }
      },
      "278": {
        "start": { "line": 1234, "column": 12 },
        "end": { "line": 1234, "column": 33 }
      },
      "279": {
        "start": { "line": 1236, "column": 17 },
        "end": { "line": 1244, "column": 3 }
      },
      "280": {
        "start": { "line": 1237, "column": 4 },
        "end": { "line": 1243, "column": 8 }
      },
      "281": {
        "start": { "line": 1246, "column": 2 },
        "end": { "line": 1246, "column": 51 }
      },
      "282": {
        "start": { "line": 1252, "column": 31 },
        "end": { "line": 1252, "column": 183 }
      },
      "283": {
        "start": { "line": 1254, "column": 15 },
        "end": { "line": 1254, "column": 55 }
      },
      "284": {
        "start": { "line": 1256, "column": 12 },
        "end": { "line": 1256, "column": 33 }
      },
      "285": {
        "start": { "line": 1258, "column": 16 },
        "end": { "line": 1258, "column": 769 }
      },
      "286": {
        "start": { "line": 1260, "column": 17 },
        "end": { "line": 1267, "column": 3 }
      },
      "287": {
        "start": { "line": 1261, "column": 4 },
        "end": { "line": 1266, "column": 8 }
      },
      "288": {
        "start": { "line": 1269, "column": 2 },
        "end": { "line": 1269, "column": 51 }
      },
      "289": {
        "start": { "line": 1275, "column": 32 },
        "end": { "line": 1275, "column": 185 }
      },
      "290": {
        "start": { "line": 1277, "column": 31 },
        "end": { "line": 1277, "column": 183 }
      },
      "291": {
        "start": { "line": 1279, "column": 24 },
        "end": { "line": 1279, "column": 196 }
      },
      "292": {
        "start": { "line": 1281, "column": 15 },
        "end": { "line": 1281, "column": 56 }
      },
      "293": {
        "start": { "line": 1283, "column": 12 },
        "end": { "line": 1283, "column": 33 }
      },
      "294": {
        "start": { "line": 1285, "column": 17 },
        "end": { "line": 1308, "column": 3 }
      },
      "295": {
        "start": { "line": 1286, "column": 20 },
        "end": { "line": 1286, "column": 47 }
      },
      "296": {
        "start": { "line": 1287, "column": 21 },
        "end": { "line": 1287, "column": 66 }
      },
      "297": {
        "start": { "line": 1288, "column": 14 },
        "end": { "line": 1288, "column": 27 }
      },
      "298": {
        "start": { "line": 1289, "column": 17 },
        "end": { "line": 1289, "column": 30 }
      },
      "299": {
        "start": { "line": 1291, "column": 4 },
        "end": { "line": 1307, "column": 24 }
      },
      "300": {
        "start": { "line": 1304, "column": 8 },
        "end": { "line": 1304, "column": 28 }
      },
      "301": {
        "start": { "line": 1310, "column": 2 },
        "end": { "line": 1310, "column": 51 }
      },
      "302": {
        "start": { "line": 1316, "column": 31 },
        "end": { "line": 1316, "column": 183 }
      },
      "303": {
        "start": { "line": 1318, "column": 15 },
        "end": { "line": 1318, "column": 55 }
      },
      "304": {
        "start": { "line": 1320, "column": 12 },
        "end": { "line": 1320, "column": 33 }
      },
      "305": {
        "start": { "line": 1322, "column": 17 },
        "end": { "line": 1335, "column": 3 }
      },
      "306": {
        "start": { "line": 1323, "column": 4 },
        "end": { "line": 1334, "column": 8 }
      },
      "307": {
        "start": { "line": 1337, "column": 2 },
        "end": { "line": 1337, "column": 51 }
      },
      "308": {
        "start": { "line": 1343, "column": 32 },
        "end": { "line": 1343, "column": 185 }
      },
      "309": {
        "start": { "line": 1345, "column": 31 },
        "end": { "line": 1345, "column": 183 }
      },
      "310": {
        "start": { "line": 1347, "column": 24 },
        "end": { "line": 1347, "column": 196 }
      },
      "311": {
        "start": { "line": 1349, "column": 15 },
        "end": { "line": 1349, "column": 56 }
      },
      "312": {
        "start": { "line": 1351, "column": 12 },
        "end": { "line": 1351, "column": 33 }
      },
      "313": {
        "start": { "line": 1353, "column": 17 },
        "end": { "line": 1395, "column": 3 }
      },
      "314": {
        "start": { "line": 1354, "column": 20 },
        "end": { "line": 1354, "column": 47 }
      },
      "315": {
        "start": { "line": 1355, "column": 21 },
        "end": { "line": 1355, "column": 66 }
      },
      "316": {
        "start": { "line": 1356, "column": 19 },
        "end": { "line": 1356, "column": 32 }
      },
      "317": {
        "start": { "line": 1357, "column": 22 },
        "end": { "line": 1357, "column": 35 }
      },
      "318": {
        "start": { "line": 1359, "column": 24 },
        "end": { "line": 1359, "column": 42 }
      },
      "319": {
        "start": { "line": 1360, "column": 25 },
        "end": { "line": 1360, "column": 74 }
      },
      "320": {
        "start": { "line": 1361, "column": 15 },
        "end": { "line": 1361, "column": 32 }
      },
      "321": {
        "start": { "line": 1363, "column": 4 },
        "end": { "line": 1394, "column": 32 }
      },
      "322": {
        "start": { "line": 1377, "column": 8 },
        "end": { "line": 1377, "column": 38 }
      },
      "323": {
        "start": { "line": 1392, "column": 8 },
        "end": { "line": 1392, "column": 29 }
      },
      "324": {
        "start": { "line": 1397, "column": 2 },
        "end": { "line": 1397, "column": 51 }
      },
      "325": {
        "start": { "line": 1403, "column": 31 },
        "end": { "line": 1403, "column": 183 }
      },
      "326": {
        "start": { "line": 1405, "column": 15 },
        "end": { "line": 1405, "column": 55 }
      },
      "327": {
        "start": { "line": 1407, "column": 12 },
        "end": { "line": 1407, "column": 33 }
      },
      "328": {
        "start": { "line": 1409, "column": 17 },
        "end": { "line": 1423, "column": 3 }
      },
      "329": {
        "start": { "line": 1410, "column": 4 },
        "end": { "line": 1422, "column": 24 }
      },
      "330": {
        "start": { "line": 1416, "column": 8 },
        "end": { "line": 1418, "column": 11 }
      },
      "331": {
        "start": { "line": 1419, "column": 8 },
        "end": { "line": 1419, "column": 42 }
      },
      "332": {
        "start": { "line": 1425, "column": 2 },
        "end": { "line": 1425, "column": 51 }
      },
      "333": {
        "start": { "line": 1431, "column": 31 },
        "end": { "line": 1431, "column": 183 }
      },
      "334": {
        "start": { "line": 1433, "column": 15 },
        "end": { "line": 1433, "column": 55 }
      },
      "335": {
        "start": { "line": 1435, "column": 12 },
        "end": { "line": 1435, "column": 33 }
      },
      "336": {
        "start": { "line": 1437, "column": 17 },
        "end": { "line": 1451, "column": 3 }
      },
      "337": {
        "start": { "line": 1438, "column": 4 },
        "end": { "line": 1450, "column": 24 }
      },
      "338": {
        "start": { "line": 1444, "column": 8 },
        "end": { "line": 1447, "column": 11 }
      },
      "339": {
        "start": { "line": 1453, "column": 2 },
        "end": { "line": 1453, "column": 51 }
      },
      "340": {
        "start": { "line": 1459, "column": 31 },
        "end": { "line": 1459, "column": 183 }
      },
      "341": {
        "start": { "line": 1461, "column": 15 },
        "end": { "line": 1461, "column": 55 }
      },
      "342": {
        "start": { "line": 1463, "column": 12 },
        "end": { "line": 1463, "column": 33 }
      },
      "343": {
        "start": { "line": 1465, "column": 17 },
        "end": { "line": 1478, "column": 3 }
      },
      "344": {
        "start": { "line": 1466, "column": 4 },
        "end": { "line": 1477, "column": 24 }
      },
      "345": {
        "start": { "line": 1472, "column": 8 },
        "end": { "line": 1474, "column": 11 }
      },
      "346": {
        "start": { "line": 1480, "column": 2 },
        "end": { "line": 1480, "column": 51 }
      },
      "347": {
        "start": { "line": 1486, "column": 31 },
        "end": { "line": 1486, "column": 183 }
      },
      "348": {
        "start": { "line": 1488, "column": 15 },
        "end": { "line": 1488, "column": 55 }
      },
      "349": {
        "start": { "line": 1490, "column": 12 },
        "end": { "line": 1490, "column": 33 }
      },
      "350": {
        "start": { "line": 1492, "column": 17 },
        "end": { "line": 1532, "column": 3 }
      },
      "351": {
        "start": { "line": 1493, "column": 4 },
        "end": { "line": 1531, "column": 25 }
      },
      "352": {
        "start": { "line": 1534, "column": 2 },
        "end": { "line": 1534, "column": 51 }
      },
      "353": {
        "start": { "line": 1540, "column": 31 },
        "end": { "line": 1540, "column": 183 }
      },
      "354": {
        "start": { "line": 1542, "column": 15 },
        "end": { "line": 1542, "column": 55 }
      },
      "355": {
        "start": { "line": 1544, "column": 12 },
        "end": { "line": 1544, "column": 33 }
      },
      "356": {
        "start": { "line": 1546, "column": 13 },
        "end": { "line": 1546, "column": 33 }
      },
      "357": {
        "start": { "line": 1548, "column": 17 },
        "end": { "line": 1571, "column": 3 }
      },
      "358": {
        "start": { "line": 1549, "column": 4 },
        "end": { "line": 1570, "column": 8 }
      },
      "359": {
        "start": { "line": 1558, "column": 8 },
        "end": { "line": 1567, "column": 10 }
      },
      "360": {
        "start": { "line": 1573, "column": 2 },
        "end": { "line": 1573, "column": 51 }
      },
      "361": {
        "start": { "line": 1579, "column": 32 },
        "end": { "line": 1579, "column": 185 }
      },
      "362": {
        "start": { "line": 1581, "column": 31 },
        "end": { "line": 1581, "column": 183 }
      },
      "363": {
        "start": { "line": 1583, "column": 24 },
        "end": { "line": 1583, "column": 196 }
      },
      "364": {
        "start": { "line": 1585, "column": 15 },
        "end": { "line": 1585, "column": 56 }
      },
      "365": {
        "start": { "line": 1587, "column": 12 },
        "end": { "line": 1587, "column": 33 }
      },
      "366": {
        "start": { "line": 1589, "column": 17 },
        "end": { "line": 1615, "column": 3 }
      },
      "367": {
        "start": { "line": 1590, "column": 20 },
        "end": { "line": 1590, "column": 47 }
      },
      "368": {
        "start": { "line": 1591, "column": 21 },
        "end": { "line": 1591, "column": 66 }
      },
      "369": {
        "start": { "line": 1592, "column": 21 },
        "end": { "line": 1592, "column": 34 }
      },
      "370": {
        "start": { "line": 1593, "column": 24 },
        "end": { "line": 1593, "column": 37 }
      },
      "371": {
        "start": { "line": 1595, "column": 4 },
        "end": { "line": 1614, "column": 8 }
      },
      "372": {
        "start": { "line": 1617, "column": 2 },
        "end": { "line": 1617, "column": 51 }
      },
      "373": {
        "start": { "line": 1623, "column": 31 },
        "end": { "line": 1623, "column": 183 }
      },
      "374": {
        "start": { "line": 1625, "column": 15 },
        "end": { "line": 1625, "column": 55 }
      },
      "375": {
        "start": { "line": 1627, "column": 12 },
        "end": { "line": 1627, "column": 33 }
      },
      "376": {
        "start": { "line": 1629, "column": 17 },
        "end": { "line": 1653, "column": 3 }
      },
      "377": {
        "start": { "line": 1630, "column": 4 },
        "end": { "line": 1652, "column": 8 }
      },
      "378": {
        "start": { "line": 1655, "column": 2 },
        "end": { "line": 1655, "column": 51 }
      },
      "379": {
        "start": { "line": 1661, "column": 31 },
        "end": { "line": 1661, "column": 183 }
      },
      "380": {
        "start": { "line": 1663, "column": 15 },
        "end": { "line": 1663, "column": 55 }
      },
      "381": {
        "start": { "line": 1665, "column": 12 },
        "end": { "line": 1665, "column": 33 }
      },
      "382": {
        "start": { "line": 1667, "column": 17 },
        "end": { "line": 1693, "column": 3 }
      },
      "383": {
        "start": { "line": 1668, "column": 18 },
        "end": { "line": 1686, "column": 6 }
      },
      "384": {
        "start": { "line": 1687, "column": 4 },
        "end": { "line": 1692, "column": 8 }
      },
      "385": {
        "start": { "line": 1695, "column": 2 },
        "end": { "line": 1695, "column": 51 }
      },
      "386": {
        "start": { "line": 1701, "column": 31 },
        "end": { "line": 1701, "column": 183 }
      },
      "387": {
        "start": { "line": 1703, "column": 15 },
        "end": { "line": 1703, "column": 55 }
      },
      "388": {
        "start": { "line": 1705, "column": 12 },
        "end": { "line": 1705, "column": 33 }
      },
      "389": {
        "start": { "line": 1707, "column": 17 },
        "end": { "line": 1720, "column": 3 }
      },
      "390": {
        "start": { "line": 1708, "column": 4 },
        "end": { "line": 1719, "column": 8 }
      },
      "391": {
        "start": { "line": 1722, "column": 2 },
        "end": { "line": 1722, "column": 51 }
      }
    },
    "fnMap": {
      "0": {
        "name": "DumiDemo",
        "decl": {
          "start": { "line": 9, "column": 24 },
          "end": { "line": 9, "column": 32 }
        },
        "loc": {
          "start": { "line": 9, "column": 35 },
          "end": { "line": 30, "column": 1 }
        },
        "line": 9
      },
      "1": {
        "name": "_default",
        "decl": {
          "start": { "line": 16, "column": 26 },
          "end": { "line": 16, "column": 34 }
        },
        "loc": {
          "start": { "line": 16, "column": 37 },
          "end": { "line": 27, "column": 3 }
        },
        "line": 16
      },
      "2": {
        "name": "onTap",
        "decl": {
          "start": { "line": 22, "column": 22 },
          "end": { "line": 22, "column": 27 }
        },
        "loc": {
          "start": { "line": 22, "column": 30 },
          "end": { "line": 24, "column": 7 }
        },
        "line": 22
      },
      "3": {
        "name": "DumiDemo",
        "decl": {
          "start": { "line": 34, "column": 24 },
          "end": { "line": 34, "column": 32 }
        },
        "loc": {
          "start": { "line": 34, "column": 35 },
          "end": { "line": 55, "column": 1 }
        },
        "line": 34
      },
      "4": {
        "name": "_default",
        "decl": {
          "start": { "line": 41, "column": 26 },
          "end": { "line": 41, "column": 34 }
        },
        "loc": {
          "start": { "line": 41, "column": 37 },
          "end": { "line": 52, "column": 3 }
        },
        "line": 41
      },
      "5": {
        "name": "DumiDemo",
        "decl": {
          "start": { "line": 59, "column": 24 },
          "end": { "line": 59, "column": 32 }
        },
        "loc": {
          "start": { "line": 59, "column": 35 },
          "end": { "line": 107, "column": 1 }
        },
        "line": 59
      },
      "6": {
        "name": "_default",
        "decl": {
          "start": { "line": 66, "column": 26 },
          "end": { "line": 66, "column": 34 }
        },
        "loc": {
          "start": { "line": 66, "column": 37 },
          "end": { "line": 104, "column": 3 }
        },
        "line": 66
      },
      "7": {
        "name": "DumiDemo",
        "decl": {
          "start": { "line": 111, "column": 24 },
          "end": { "line": 111, "column": 32 }
        },
        "loc": {
          "start": { "line": 111, "column": 35 },
          "end": { "line": 134, "column": 1 }
        },
        "line": 111
      },
      "8": {
        "name": "_default",
        "decl": {
          "start": { "line": 118, "column": 26 },
          "end": { "line": 118, "column": 34 }
        },
        "loc": {
          "start": { "line": 118, "column": 37 },
          "end": { "line": 131, "column": 3 }
        },
        "line": 118
      },
      "9": {
        "name": "renderDot",
        "decl": {
          "start": { "line": 123, "column": 26 },
          "end": { "line": 123, "column": 35 }
        },
        "loc": {
          "start": { "line": 123, "column": 46 },
          "end": { "line": 129, "column": 7 }
        },
        "line": 123
      },
      "10": {
        "name": "DumiDemo",
        "decl": {
          "start": { "line": 138, "column": 24 },
          "end": { "line": 138, "column": 32 }
        },
        "loc": {
          "start": { "line": 138, "column": 35 },
          "end": { "line": 178, "column": 1 }
        },
        "line": 138
      },
      "11": {
        "name": "_default",
        "decl": {
          "start": { "line": 149, "column": 26 },
          "end": { "line": 149, "column": 34 }
        },
        "loc": {
          "start": { "line": 149, "column": 37 },
          "end": { "line": 175, "column": 3 }
        },
        "line": 149
      },
      "12": {
        "name": "onChange",
        "decl": {
          "start": { "line": 160, "column": 25 },
          "end": { "line": 160, "column": 33 }
        },
        "loc": {
          "start": { "line": 160, "column": 37 },
          "end": { "line": 162, "column": 7 }
        },
        "line": 160
      },
      "13": {
        "name": "(anonymous_13)",
        "decl": {
          "start": { "line": 169, "column": 11 },
          "end": { "line": 169, "column": 12 }
        },
        "loc": {
          "start": { "line": 169, "column": 27 },
          "end": { "line": 174, "column": 5 }
        },
        "line": 169
      },
      "14": {
        "name": "DumiDemo",
        "decl": {
          "start": { "line": 182, "column": 24 },
          "end": { "line": 182, "column": 32 }
        },
        "loc": {
          "start": { "line": 182, "column": 35 },
          "end": { "line": 225, "column": 1 }
        },
        "line": 182
      },
      "15": {
        "name": "renderItem",
        "decl": {
          "start": { "line": 191, "column": 28 },
          "end": { "line": 191, "column": 38 }
        },
        "loc": {
          "start": { "line": 191, "column": 45 },
          "end": { "line": 210, "column": 3 }
        },
        "line": 191
      },
      "16": {
        "name": "_default",
        "decl": {
          "start": { "line": 214, "column": 26 },
          "end": { "line": 214, "column": 34 }
        },
        "loc": {
          "start": { "line": 214, "column": 37 },
          "end": { "line": 222, "column": 3 }
        },
        "line": 214
      },
      "17": {
        "name": "DumiDemo",
        "decl": {
          "start": { "line": 229, "column": 24 },
          "end": { "line": 229, "column": 32 }
        },
        "loc": {
          "start": { "line": 229, "column": 35 },
          "end": { "line": 293, "column": 1 }
        },
        "line": 229
      },
      "18": {
        "name": "_default",
        "decl": {
          "start": { "line": 240, "column": 26 },
          "end": { "line": 240, "column": 34 }
        },
        "loc": {
          "start": { "line": 240, "column": 37 },
          "end": { "line": 290, "column": 3 }
        },
        "line": 240
      },
      "19": {
        "name": "(anonymous_19)",
        "decl": {
          "start": { "line": 246, "column": 39 },
          "end": { "line": 246, "column": 40 }
        },
        "loc": {
          "start": { "line": 246, "column": 51 },
          "end": { "line": 254, "column": 5 }
        },
        "line": 246
      },
      "20": {
        "name": "(anonymous_20)",
        "decl": {
          "start": { "line": 255, "column": 39 },
          "end": { "line": 255, "column": 40 }
        },
        "loc": {
          "start": { "line": 255, "column": 51 },
          "end": { "line": 263, "column": 5 }
        },
        "line": 255
      },
      "21": {
        "name": "DumiDemo",
        "decl": {
          "start": { "line": 297, "column": 24 },
          "end": { "line": 297, "column": 32 }
        },
        "loc": {
          "start": { "line": 297, "column": 35 },
          "end": { "line": 333, "column": 1 }
        },
        "line": 297
      },
      "22": {
        "name": "_default",
        "decl": {
          "start": { "line": 306, "column": 26 },
          "end": { "line": 306, "column": 34 }
        },
        "loc": {
          "start": { "line": 306, "column": 37 },
          "end": { "line": 330, "column": 3 }
        },
        "line": 306
      },
      "23": {
        "name": "DumiDemo",
        "decl": {
          "start": { "line": 337, "column": 24 },
          "end": { "line": 337, "column": 32 }
        },
        "loc": {
          "start": { "line": 337, "column": 35 },
          "end": { "line": 369, "column": 1 }
        },
        "line": 337
      },
      "24": {
        "name": "_default",
        "decl": {
          "start": { "line": 348, "column": 26 },
          "end": { "line": 348, "column": 34 }
        },
        "loc": {
          "start": { "line": 348, "column": 37 },
          "end": { "line": 366, "column": 3 }
        },
        "line": 348
      },
      "25": {
        "name": "onTap",
        "decl": {
          "start": { "line": 362, "column": 22 },
          "end": { "line": 362, "column": 27 }
        },
        "loc": {
          "start": { "line": 362, "column": 30 },
          "end": { "line": 364, "column": 7 }
        },
        "line": 362
      },
      "26": {
        "name": "DumiDemo",
        "decl": {
          "start": { "line": 373, "column": 24 },
          "end": { "line": 373, "column": 32 }
        },
        "loc": {
          "start": { "line": 373, "column": 35 },
          "end": { "line": 451, "column": 1 }
        },
        "line": 373
      },
      "27": {
        "name": "Demo",
        "decl": {
          "start": { "line": 386, "column": 22 },
          "end": { "line": 386, "column": 26 }
        },
        "loc": {
          "start": { "line": 386, "column": 34 },
          "end": { "line": 425, "column": 3 }
        },
        "line": 386
      },
      "28": {
        "name": "onTap",
        "decl": {
          "start": { "line": 421, "column": 22 },
          "end": { "line": 421, "column": 27 }
        },
        "loc": {
          "start": { "line": 421, "column": 30 },
          "end": { "line": 423, "column": 7 }
        },
        "line": 421
      },
      "29": {
        "name": "_default",
        "decl": {
          "start": { "line": 427, "column": 26 },
          "end": { "line": 427, "column": 34 }
        },
        "loc": {
          "start": { "line": 427, "column": 37 },
          "end": { "line": 448, "column": 3 }
        },
        "line": 427
      },
      "30": {
        "name": "DumiDemo",
        "decl": {
          "start": { "line": 455, "column": 24 },
          "end": { "line": 455, "column": 32 }
        },
        "loc": {
          "start": { "line": 455, "column": 35 },
          "end": { "line": 556, "column": 1 }
        },
        "line": 455
      },
      "31": {
        "name": "_default",
        "decl": {
          "start": { "line": 464, "column": 26 },
          "end": { "line": 464, "column": 34 }
        },
        "loc": {
          "start": { "line": 464, "column": 37 },
          "end": { "line": 553, "column": 3 }
        },
        "line": 464
      },
      "32": {
        "name": "onTap",
        "decl": {
          "start": { "line": 519, "column": 22 },
          "end": { "line": 519, "column": 27 }
        },
        "loc": {
          "start": { "line": 519, "column": 30 },
          "end": { "line": 521, "column": 7 }
        },
        "line": 519
      },
      "33": {
        "name": "(anonymous_33)",
        "decl": {
          "start": { "line": 537, "column": 7 },
          "end": { "line": 537, "column": 8 }
        },
        "loc": {
          "start": { "line": 537, "column": 30 },
          "end": { "line": 547, "column": 5 }
        },
        "line": 537
      },
      "34": {
        "name": "onTap",
        "decl": {
          "start": { "line": 549, "column": 22 },
          "end": { "line": 549, "column": 27 }
        },
        "loc": {
          "start": { "line": 549, "column": 30 },
          "end": { "line": 551, "column": 7 }
        },
        "line": 549
      },
      "35": {
        "name": "DumiDemo",
        "decl": {
          "start": { "line": 560, "column": 24 },
          "end": { "line": 560, "column": 32 }
        },
        "loc": {
          "start": { "line": 560, "column": 35 },
          "end": { "line": 584, "column": 1 }
        },
        "line": 560
      },
      "36": {
        "name": "_default",
        "decl": {
          "start": { "line": 567, "column": 26 },
          "end": { "line": 567, "column": 34 }
        },
        "loc": {
          "start": { "line": 567, "column": 37 },
          "end": { "line": 581, "column": 3 }
        },
        "line": 567
      },
      "37": {
        "name": "onTap",
        "decl": {
          "start": { "line": 573, "column": 22 },
          "end": { "line": 573, "column": 27 }
        },
        "loc": {
          "start": { "line": 573, "column": 30 },
          "end": { "line": 578, "column": 7 }
        },
        "line": 573
      },
      "38": {
        "name": "DumiDemo",
        "decl": {
          "start": { "line": 588, "column": 24 },
          "end": { "line": 588, "column": 32 }
        },
        "loc": {
          "start": { "line": 588, "column": 35 },
          "end": { "line": 625, "column": 1 }
        },
        "line": 588
      },
      "39": {
        "name": "renderItem",
        "decl": {
          "start": { "line": 595, "column": 28 },
          "end": { "line": 595, "column": 38 }
        },
        "loc": {
          "start": { "line": 595, "column": 45 },
          "end": { "line": 610, "column": 3 }
        },
        "line": 595
      },
      "40": {
        "name": "_default",
        "decl": {
          "start": { "line": 614, "column": 26 },
          "end": { "line": 614, "column": 34 }
        },
[...]
      },
      "2": {
        "start": { "line": 60, "column": 28 },
        "end": { "line": 60, "column": 64 }
      },
      "3": {
        "start": { "line": 61, "column": 2 },
        "end": { "line": 94, "column": 4 }
      },
      "4": {
        "start": { "line": 67, "column": 8 },
        "end": { "line": 91, "column": 10 }
      },
      "5": {
        "start": { "line": 72, "column": 14 },
        "end": { "line": 72, "column": 37 }
      },
      "6": {
        "start": { "line": 73, "column": 14 },
        "end": { "line": 73, "column": 37 }
      }
    },
    "fnMap": {
      "0": {
        "name": "(anonymous_0)",
        "decl": {
          "start": { "line": 50, "column": 15 },
          "end": { "line": 50, "column": 16 }
        },
        "loc": {
          "start": { "line": 50, "column": 39 },
          "end": { "line": 95, "column": 1 }
        },
        "line": 50
      },
      "1": {
        "name": "(anonymous_1)",
        "decl": {
          "start": { "line": 66, "column": 17 },
          "end": { "line": 66, "column": 18 }
        },
        "loc": {
          "start": { "line": 66, "column": 25 },
          "end": { "line": 92, "column": 7 }
        },
        "line": 66
      },
      "2": {
        "name": "(anonymous_2)",
        "decl": {
          "start": { "line": 71, "column": 19 },
          "end": { "line": 71, "column": 20 }
        },
        "loc": {
          "start": { "line": 71, "column": 25 },
          "end": { "line": 74, "column": 13 }
        },
        "line": 71
      }
    },
    "branchMap": {
      "0": {
        "loc": {
          "start": { "line": 54, "column": 4 },
          "end": { "line": 54, "column": 21 }
        },
        "type": "default-arg",
        "locations": [
          {
            "start": { "line": 54, "column": 12 },
            "end": { "line": 54, "column": 21 }
          }
        ],
        "line": 54
      },
      "1": {
        "loc": {
          "start": { "line": 55, "column": 4 },
          "end": { "line": 55, "column": 27 }
        },
        "type": "default-arg",
        "locations": [
          {
            "start": { "line": 55, "column": 18 },
            "end": { "line": 55, "column": 27 }
          }
        ],
        "line": 55
      },
      "2": {
        "loc": {
          "start": { "line": 56, "column": 4 },
          "end": { "line": 56, "column": 15 }
        },
        "type": "default-arg",
        "locations": [
          {
            "start": { "line": 56, "column": 14 },
            "end": { "line": 56, "column": 15 }
          }
        ],
        "line": 56
      },
      "3": {
        "loc": {
          "start": { "line": 60, "column": 43 },
          "end": { "line": 60, "column": 63 }
        },
        "type": "binary-expr",
        "locations": [
          {
            "start": { "line": 60, "column": 43 },
            "end": { "line": 60, "column": 50 }
          },
          {
            "start": { "line": 60, "column": 54 },
            "end": { "line": 60, "column": 63 }
          }
        ],
        "line": 60
      },
      "4": {
        "loc": {
          "start": { "line": 77, "column": 15 },
          "end": { "line": 80, "column": 18 }
        },
        "type": "binary-expr",
        "locations": [
          {
            "start": { "line": 77, "column": 15 },
            "end": { "line": 77, "column": 46 }
          },
          {
            "start": { "line": 78, "column": 16 },
            "end": { "line": 80, "column": 18 }
          }
        ],
        "line": 77
      },
      "5": {
        "loc": {
          "start": { "line": 79, "column": 25 },
          "end": { "line": 79, "column": 67 }
        },
        "type": "cond-expr",
        "locations": [
          {
            "start": { "line": 79, "column": 48 },
            "end": { "line": 79, "column": 59 }
          },
          {
            "start": { "line": 79, "column": 62 },
            "end": { "line": 79, "column": 67 }
          }
        ],
        "line": 79
      },
      "6": {
        "loc": {
          "start": { "line": 83, "column": 30 },
          "end": { "line": 83, "column": 72 }
        },
        "type": "cond-expr",
        "locations": [
          {
            "start": { "line": 83, "column": 53 },
            "end": { "line": 83, "column": 64 }
          },
          {
            "start": { "line": 83, "column": 67 },
            "end": { "line": 83, "column": 72 }
          }
        ],
        "line": 83
      }
    },
    "s": { "0": 0, "1": 0, "2": 0, "3": 0, "4": 0, "5": 0, "6": 0 },
    "f": { "0": 0, "1": 0, "2": 0 },
    "b": {
      "0": [0],
      "1": [0],
      "2": [0],
      "3": [0, 0],
      "4": [0, 0],
      "5": [0, 0],
      "6": [0, 0]
    }
  },
  "/Users/mushan/Documents/project/凯桥ui/src/tip/index.tsx": {
    "path": "/Users/mushan/Documents/project/凯桥ui/src/tip/index.tsx",
    "statementMap": {
      "0": {
        "start": { "line": 53, "column": 2 },
        "end": { "line": 77, "column": 4 }
      },
      "1": {
        "start": { "line": 72, "column": 12 },
        "end": { "line": 72, "column": 43 }
      }
    },
    "fnMap": {
      "0": {
        "name": "(anonymous_0)",
        "decl": {
          "start": { "line": 43, "column": 15 },
          "end": { "line": 43, "column": 16 }
        },
        "loc": {
          "start": { "line": 52, "column": 13 },
          "end": { "line": 78, "column": 1 }
        },
        "line": 52
      },
      "1": {
        "name": "(anonymous_1)",
        "decl": {
          "start": { "line": 71, "column": 21 },
          "end": { "line": 71, "column": 22 }
        },
        "loc": {
          "start": { "line": 72, "column": 12 },
          "end": { "line": 72, "column": 43 }
        },
        "line": 72
      }
    },
    "branchMap": {
      "0": {
        "loc": {
          "start": { "line": 47, "column": 2 },
          "end": { "line": 47, "column": 17 }
        },
        "type": "default-arg",
        "locations": [
          {
            "start": { "line": 47, "column": 10 },
            "end": { "line": 47, "column": 17 }
          }
        ],
        "line": 47
      },
      "1": {
        "loc": {
          "start": { "line": 50, "column": 2 },
          "end": { "line": 50, "column": 23 }
        },
        "type": "default-arg",
        "locations": [
          {
            "start": { "line": 50, "column": 14 },
            "end": { "line": 50, "column": 23 }
          }
        ],
        "line": 50
      },
      "2": {
        "loc": {
          "start": { "line": 61, "column": 7 },
          "end": { "line": 67, "column": 7 }
        },
        "type": "binary-expr",
        "locations": [
          {
            "start": { "line": 61, "column": 7 },
            "end": { "line": 61, "column": 11 }
          },
          {
            "start": { "line": 62, "column": 8 },
            "end": { "line": 66, "column": 10 }
          }
        ],
        "line": 61
      }
    },
    "s": { "0": 0, "1": 0 },
    "f": { "0": 0, "1": 0 },
    "b": { "0": [0], "1": [0], "2": [0, 0] }
  },
  "/Users/mushan/Documents/project/凯桥ui/src/use-view-size/index.tsx": {
    "path": "/Users/mushan/Documents/project/凯桥ui/src/use-view-size/index.tsx",
    "statementMap": {
      "0": {
        "start": { "line": 5, "column": 22 },
        "end": { "line": 8, "column": 8 }
      },
      "1": {
        "start": { "line": 10, "column": 4 },
        "end": { "line": 10, "column": 37 }
      },
      "2": {
        "start": { "line": 11, "column": 26 },
        "end": { "line": 11, "column": 42 }
      },
      "3": {
        "start": { "line": 12, "column": 2 },
        "end": { "line": 18, "column": 35 }
      },
      "4": {
        "start": { "line": 13, "column": 4 },
        "end": { "line": 17, "column": 5 }
      },
      "5": {
        "start": { "line": 14, "column": 6 },
        "end": { "line": 14, "column": 20 }
      },
      "6": {
        "start": { "line": 16, "column": 6 },
        "end": { "line": 16, "column": 31 }
      },
      "7": {
        "start": { "line": 19, "column": 2 },
        "end": { "line": 19, "column": 12 }
      }
    },
    "fnMap": {
      "0": {
        "name": "(anonymous_0)",
        "decl": {
          "start": { "line": 4, "column": 15 },
          "end": { "line": 4, "column": 16 }
        },
        "loc": {
          "start": { "line": 4, "column": 31 },
          "end": { "line": 20, "column": 1 }
        },
        "line": 4
      },
      "1": {
        "name": "(anonymous_1)",
        "decl": {
          "start": { "line": 12, "column": 12 },
          "end": { "line": 12, "column": 13 }
        },
        "loc": {
          "start": { "line": 12, "column": 18 },
          "end": { "line": 18, "column": 3 }
        },
        "line": 12
      }
    },
    "branchMap": {
      "0": {
        "loc": {
          "start": { "line": 10, "column": 4 },
          "end": { "line": 10, "column": 37 }
        },
        "type": "binary-expr",
        "locations": [
          {
            "start": { "line": 10, "column": 4 },
            "end": { "line": 10, "column": 31 }
          },
          {
            "start": { "line": 10, "column": 35 },
            "end": { "line": 10, "column": 37 }
          }
        ],
        "line": 10
      },
      "1": {
        "loc": {
          "start": { "line": 13, "column": 4 },
          "end": { "line": 17, "column": 5 }
        },
        "type": "if",
        "locations": [
          {
            "start": { "line": 13, "column": 4 },
            "end": { "line": 17, "column": 5 }
          },
          {
            "start": { "line": 13, "column": 4 },
            "end": { "line": 17, "column": 5 }
          }
        ],
        "line": 13
      }
    },
    "s": { "0": 1, "1": 1, "2": 1, "3": 1, "4": 0, "5": 0, "6": 0, "7": 1 },
    "f": { "0": 1, "1": 0 },
    "b": { "0": [1, 1], "1": [0, 0] },
    "_coverageSchema": "1a1c01bbd47fc00a2c39e90264f33305004495a9",
    "hash": "ca543203bb4ddd802bf35b14872d6a35dd16666f"
  },
  "/Users/mushan/Documents/project/凯桥ui/src/use-view-size/index.wechat.tsx": {
    "path": "/Users/mushan/Documents/project/凯桥ui/src/use-view-size/index.wechat.tsx",
    "statementMap": {
      "0": {
        "start": { "line": 5, "column": 22 },
        "end": { "line": 8, "column": 8 }
      },
      "1": {
        "start": { "line": 9, "column": 2 },
        "end": { "line": 17, "column": 11 }
      },
      "2": {
        "start": { "line": 10, "column": 18 },
        "end": { "line": 10, "column": 39 }
      },
      "3": {
        "start": { "line": 11, "column": 4 },
        "end": { "line": 15, "column": 7 }
      },
      "4": {
        "start": { "line": 12, "column": 6 },
        "end": { "line": 14, "column": 7 }
      },
      "5": {
        "start": { "line": 13, "column": 8 },
        "end": { "line": 13, "column": 20 }
      },
      "6": {
        "start": { "line": 16, "column": 4 },
        "end": { "line": 16, "column": 17 }
      },
      "7": {
        "start": { "line": 18, "column": 2 },
        "end": { "line": 18, "column": 12 }
      }
    },
    "fnMap": {
      "0": {
        "name": "(anonymous_0)",
        "decl": {
          "start": { "line": 4, "column": 15 },
          "end": { "line": 4, "column": 16 }
        },
        "loc": {
          "start": { "line": 4, "column": 31 },
          "end": { "line": 19, "column": 1 }
        },
        "line": 4
      },
      "1": {
        "name": "(anonymous_1)",
        "decl": {
          "start": { "line": 9, "column": 12 },
          "end": { "line": 9, "column": 13 }
        },
        "loc": {
          "start": { "line": 9, "column": 18 },
          "end": { "line": 17, "column": 3 }
        },
        "line": 9
      },
      "2": {
        "name": "(anonymous_2)",
        "decl": {
          "start": { "line": 11, "column": 46 },
          "end": { "line": 11, "column": 47 }
        },
        "loc": {
          "start": { "line": 11, "column": 54 },
          "end": { "line": 15, "column": 5 }
        },
        "line": 11
      }
    },
    "branchMap": {
      "0": {
        "loc": {
          "start": { "line": 12, "column": 6 },
          "end": { "line": 14, "column": 7 }
        },
        "type": "if",
        "locations": [
          {
            "start": { "line": 12, "column": 6 },
            "end": { "line": 14, "column": 7 }
          },
          {
            "start": { "line": 12, "column": 6 },
            "end": { "line": 14, "column": 7 }
          }
        ],
        "line": 12
      }
    },
    "s": { "0": 0, "1": 0, "2": 0, "3": 0, "4": 0, "5": 0, "6": 0, "7": 0 },
    "f": { "0": 0, "1": 0, "2": 0 },
    "b": { "0": [0, 0] }
  },
  "/Users/mushan/Documents/project/凯桥ui/src/visible/index.tsx": {
    "path": "/Users/mushan/Documents/project/凯桥ui/src/visible/index.tsx",
    "statementMap": {
      "0": {
        "start": { "line": 15, "column": 2 },
        "end": { "line": 17, "column": 12 }
      }
    },
    "fnMap": {
      "0": {
        "name": "(anonymous_0)",
        "decl": {
          "start": { "line": 14, "column": 15 },
          "end": { "line": 14, "column": 16 }
        },
        "loc": {
          "start": { "line": 15, "column": 2 },
          "end": { "line": 17, "column": 12 }
        },
        "line": 15
      }
    },
    "branchMap": {
      "0": {
        "loc": {
          "start": { "line": 16, "column": 5 },
          "end": { "line": 16, "column": 51 }
        },
        "type": "binary-expr",
        "locations": [
          {
            "start": { "line": 16, "column": 5 },
            "end": { "line": 16, "column": 13 }
          },
          {
            "start": { "line": 16, "column": 17 },
            "end": { "line": 16, "column": 51 }
          }
        ],
        "line": 16
      }
    },
    "s": { "0": 0 },
    "f": { "0": 0 },
    "b": { "0": [0, 0] }
  },
  "/Users/mushan/Documents/project/凯桥ui/src/visible/index.web.tsx": {
    "path": "/Users/mushan/Documents/project/凯桥ui/src/visible/index.web.tsx",
    "statementMap": {
      "0": {
        "start": { "line": 12, "column": 14 },
        "end": { "line": 12, "column": 42 }
      },
      "1": {
        "start": { "line": 13, "column": 18 },
        "end": { "line": 13, "column": 33 }
      },
      "2": {
        "start": { "line": 14, "column": 2 },
        "end": { "line": 20, "column": 37 }
      },
      "3": {
        "start": { "line": 15, "column": 4 },
        "end": { "line": 19, "column": 5 }
      },
      "4": {
        "start": { "line": 16, "column": 6 },
        "end": { "line": 16, "column": 20 }
      },
      "5": {
        "start": { "line": 18, "column": 6 },
        "end": { "line": 18, "column": 19 }
      },
      "6": {
        "start": { "line": 21, "column": 2 },
        "end": { "line": 25, "column": 4 }
      }
    },
    "fnMap": {
      "0": {
        "name": "(anonymous_0)",
        "decl": {
          "start": { "line": 11, "column": 15 },
          "end": { "line": 11, "column": 16 }
        },
        "loc": {
          "start": { "line": 11, "column": 72 },
          "end": { "line": 26, "column": 1 }
        },
        "line": 11
      },
      "1": {
        "name": "(anonymous_1)",
        "decl": {
          "start": { "line": 14, "column": 12 },
          "end": { "line": 14, "column": 13 }
        },
        "loc": {
          "start": { "line": 14, "column": 18 },
          "end": { "line": 20, "column": 3 }
        },
        "line": 14
      }
    },
    "branchMap": {
      "0": {
        "loc": {
          "start": { "line": 15, "column": 4 },
          "end": { "line": 19, "column": 5 }
        },
        "type": "if",
        "locations": [
          {
            "start": { "line": 15, "column": 4 },
            "end": { "line": 19, "column": 5 }
          },
          {
            "start": { "line": 15, "column": 4 },
            "end": { "line": 19, "column": 5 }
          }
        ],
        "line": 15
      }
    },
    "s": { "0": 0, "1": 0, "2": 0, "3": 0, "4": 0, "5": 0, "6": 0 },
    "f": { "0": 0, "1": 0 },
    "b": { "0": [0, 0] }
  },
  "/Users/mushan/Documents/project/凯桥ui/src/visible/native/index.js": {
    "path": "/Users/mushan/Documents/project/凯桥ui/src/visible/native/index.js",
    "statementMap": {
      "0": {
        "start": { "line": 3, "column": 14 },
        "end": { "line": 3, "column": 15 }
      },
      "1": {
        "start": { "line": 6, "column": 0 },
        "end": { "line": 44, "column": 3 }
      },
      "2": {
        "start": { "line": 19, "column": 6 },
        "end": { "line": 22, "column": 9 }
      },
      "3": {
        "start": { "line": 23, "column": 20 },
        "end": { "line": 23, "column": 21 }
      },
      "4": {
        "start": { "line": 24, "column": 17 },
        "end": { "line": 24, "column": 21 }
      },
      "5": {
        "start": { "line": 26, "column": 6 },
        "end": { "line": 41, "column": 11 }
      },
      "6": {
        "start": { "line": 34, "column": 23 },
        "end": { "line": 34, "column": 33 }
      },
      "7": {
        "start": { "line": 35, "column": 10 },
        "end": { "line": 35, "column": 31 }
      },
      "8": {
        "start": { "line": 36, "column": 10 },
        "end": { "line": 40, "column": 11 }
      },
      "9": {
        "start": { "line": 37, "column": 12 },
        "end": { "line": 37, "column": 41 }
      },
      "10": {
        "start": { "line": 39, "column": 12 },
        "end": { "line": 39, "column": 40 }
      }
    },
    "fnMap": {
      "0": {
        "name": "(anonymous_0)",
        "decl": {
          "start": { "line": 18, "column": 11 },
          "end": { "line": 18, "column": 12 }
        },
        "loc": {
          "start": { "line": 18, "column": 22 },
          "end": { "line": 42, "column": 5 }
        },
        "line": 18
      },
      "1": {
        "name": "(anonymous_1)",
        "decl": {
          "start": { "line": 31, "column": 37 },
          "end": { "line": 31, "column": 38 }
        },
        "loc": {
          "start": { "line": 33, "column": 11 },
          "end": { "line": 41, "column": 9 }
        },
        "line": 33
      }
    },
    "branchMap": {
      "0": {
        "loc": {
          "start": { "line": 28, "column": 15 },
          "end": { "line": 28, "column": 47 }
        },
        "type": "cond-expr",
        "locations": [
          {
            "start": { "line": 28, "column": 29 },
            "end": { "line": 28, "column": 37 }
          },
          {
            "start": { "line": 28, "column": 40 },
            "end": { "line": 28, "column": 47 }
          }
        ],
        "line": 28
      },
      "1": {
        "loc": {
          "start": { "line": 29, "column": 18 },
          "end": { "line": 29, "column": 50 }
        },
        "type": "cond-expr",
        "locations": [
          {
            "start": { "line": 29, "column": 32 },
            "end": { "line": 29, "column": 40 }
          },
          {
            "start": { "line": 29, "column": 43 },
            "end": { "line": 29, "column": 50 }
          }
        ],
        "line": 29
      },
      "2": {
        "loc": {
          "start": { "line": 36, "column": 10 },
          "end": { "line": 40, "column": 11 }
        },
        "type": "if",
        "locations": [
          {
            "start": { "line": 36, "column": 10 },
            "end": { "line": 40, "column": 11 }
          },
          {
            "start": { "line": 36, "column": 10 },
            "end": { "line": 40, "column": 11 }
          }
        ],
        "line": 36
      }
    },
    "s": {
      "0": 0,
      "1": 0,
      "2": 0,
      "3": 0,
      "4": 0,
      "5": 0,
      "6": 0,
      "7": 0,
      "8": 0,
      "9": 0,
      "10": 0
    },
    "f": { "0": 0, "1": 0 },
    "b": { "0": [0, 0], "1": [0, 0], "2": [0, 0] }
  }
}
