TN:
SF:src/index.ts
FNF:0
FNH:0
LF:0
LH:0
BRF:0
BRH:0
end_of_record
TN:
SF:src/.umi/umi.ts
FN:14,(anonymous_0)
FN:17,(anonymous_1)
FN:48,(anonymous_2)
FN:51,(anonymous_3)
FNF:4
FNH:0
FNDA:0,(anonymous_0)
FNDA:0,(anonymous_1)
FNDA:0,(anonymous_2)
FNDA:0,(anonymous_3)
DA:14,0
DA:18,0
DA:30,0
DA:35,0
DA:39,0
DA:46,0
DA:48,0
DA:49,0
DA:50,0
DA:51,0
DA:52,0
DA:55,0
LF:12
LH:0
BRDA:14,0,0,0
BRDA:22,1,0,0
BRDA:22,1,1,0
BRDA:46,2,0,0
BRDA:46,2,1,0
BRDA:50,3,0,0
BRDA:50,3,1,0
BRF:7
BRH:0
end_of_record
TN:
SF:src/.umi/core/devScripts.ts
FN:4,tryApplyUpdates
FN:11,isUpdateAvailable
FN:22,handleApplyUpdates
FN:38,(anonymous_3)
FN:41,(anonymous_4)
FNF:5
FNH:0
FNDA:0,tryApplyUpdates
FNDA:0,isUpdateAvailable
FNDA:0,handleApplyUpdates
FNDA:0,(anonymous_3)
FNDA:0,(anonymous_4)
DA:3,0
DA:6,0
DA:7,0
DA:8,0
DA:13,0
DA:18,0
DA:19,0
DA:23,0
DA:24,0
DA:25,0
DA:28,0
DA:30,0
DA:32,0
DA:37,0
DA:39,0
DA:42,0
DA:47,0
LF:17
LH:0
BRDA:3,0,0,0
BRDA:3,0,1,0
BRDA:6,1,0,0
BRDA:6,1,1,0
BRDA:18,2,0,0
BRDA:18,2,1,0
BRDA:18,3,0,0
BRDA:18,3,1,0
BRDA:23,4,0,0
BRDA:23,4,1,0
BRDA:23,5,0,0
BRDA:23,5,1,0
BRDA:23,5,2,0
BRDA:30,6,0,0
BRDA:30,6,1,0
BRF:15
BRH:0
end_of_record
TN:
SF:src/.umi/core/history.ts
FN:13,(anonymous_0)
FNF:1
FNH:0
FNDA:0,(anonymous_0)
DA:4,0
DA:7,0
DA:8,0
DA:12,0
DA:13,0
DA:14,0
DA:15,0
DA:18,0
LF:8
LH:0
BRDA:7,0,0,0
BRDA:7,0,1,0
BRDA:12,1,0,0
BRDA:12,1,1,0
BRDA:13,2,0,0
BRDA:14,3,0,0
BRDA:14,3,1,0
BRF:7
BRH:0
end_of_record
TN:
SF:src/.umi/core/plugin.ts
FNF:0
FNH:0
DA:4,0
LF:1
LH:0
BRF:0
BRH:0
end_of_record
TN:
SF:src/.umi/core/pluginRegister.ts
FNF:0
FNH:0
LF:0
LH:0
BRF:0
BRH:0
end_of_record
TN:
SF:src/.umi/core/polyfill.ts
FNF:0
FNH:0
LF:0
LH:0
BRF:0
BRH:0
end_of_record
TN:
SF:src/.umi/core/routes.ts
FN:7,getRoutes
FN:13,(anonymous_1)
FN:1400,(anonymous_2)
FNF:3
FNH:0
FNDA:0,getRoutes
FNDA:0,(anonymous_1)
FNDA:0,(anonymous_2)
DA:8,0
DA:14,0
DA:15,0
DA:16,0
DA:17,0
DA:20,0
DA:23,0
DA:25,0
DA:28,0
DA:32,0
DA:39,0
DA:1400,0
DA:1405,0
DA:1411,0
LF:14
LH:0
BRDA:25,0,0,0
BRDA:25,0,1,0
BRDA:25,0,2,0
BRF:3
BRH:0
end_of_record
TN:
SF:src/.umi/core/umiExports.ts
FNF:0
FNH:0
LF:0
LH:0
BRF:0
BRH:0
end_of_record
TN:
SF:src/.umi/dumi/demos/index.ts
FN:9,DumiDemo
FN:16,_default
FN:22,onTap
FN:34,DumiDemo
FN:41,_default
FN:59,DumiDemo
FN:66,_default
FN:111,DumiDemo
FN:118,_default
FN:123,renderDot
FN:138,DumiDemo
FN:149,_default
FN:160,onChange
FN:169,(anonymous_13)
FN:182,DumiDemo
FN:191,renderItem
FN:214,_default
FN:229,DumiDemo
FN:240,_default
FN:246,(anonymous_19)
FN:255,(anonymous_20)
FN:297,DumiDemo
FN:306,_default
FN:337,DumiDemo
FN:348,_default
FN:362,onTap
FN:373,DumiDemo
FN:386,Demo
FN:421,onTap
FN:427,_default
FN:455,DumiDemo
FN:464,_default
FN:519,onTap
FN:537,(anonymous_33)
FN:549,onTap
FN:560,DumiDemo
FN:567,_default
FN:573,onTap
FN:588,DumiDemo
FN:595,renderItem
FN:614,_default
FN:629,DumiDemo
FN:640,_default
FN:661,formatValue
FN:685,DumiDemo
FN:694,_default
FN:701,renderItem
FN:716,DumiDemo
FN:727,_default
FN:744,onTap
FN:746,(anonymous_50)
FN:754,onTap
FN:756,(anonymous_52)
FN:768,DumiDemo
FN:775,_default
FN:810,DumiDemo
FN:821,_default
FN:843,onTap
FN:854,DumiDemo
FN:861,_default
FN:873,DumiDemo
FN:880,_default
FN:895,(anonymous_62)
FN:907,DumiDemo
FN:914,_default
FN:932,DumiDemo
FN:939,_default
FN:964,DumiDemo
FN:971,_default
FN:989,DumiDemo
FN:1000,_default
FN:1011,onChange
FN:1035,(anonymous_72)
FN:1042,onChange
FN:1066,(anonymous_74)
FN:1075,onChange
FN:1099,(anonymous_76)
FN:1115,DumiDemo
FN:1126,_default
FN:1171,renderItem
FN:1207,DumiDemo
FN:1214,_default
FN:1229,DumiDemo
FN:1236,_default
FN:1251,DumiDemo
FN:1260,_default
FN:1274,DumiDemo
FN:1285,_default
FN:1303,onTap
FN:1315,DumiDemo
FN:1322,_default
FN:1342,DumiDemo
FN:1353,_default
FN:1376,onFinish
FN:1391,onTap
FN:1402,DumiDemo
FN:1409,_default
FN:1415,onTap
FN:1430,DumiDemo
FN:1437,_default
FN:1443,onTap
FN:1458,DumiDemo
FN:1465,_default
FN:1471,onTap
FN:1485,DumiDemo
FN:1492,_default
FN:1539,DumiDemo
FN:1548,_default
FN:1557,(anonymous_108)
FN:1578,DumiDemo
FN:1589,_default
FN:1622,DumiDemo
FN:1629,_default
FN:1660,DumiDemo
FN:1667,_default
FN:1700,DumiDemo
FN:1707,_default
FNF:117
FNH:0
FNDA:0,DumiDemo
FNDA:0,_default
FNDA:0,onTap
FNDA:0,DumiDemo
FNDA:0,_default
FNDA:0,DumiDemo
FNDA:0,_default
FNDA:0,DumiDemo
FNDA:0,_default
FNDA:0,renderDot
FNDA:0,DumiDemo
FNDA:0,_default
FNDA:0,onChange
FNDA:0,(anonymous_13)
FNDA:0,DumiDemo
FNDA:0,renderItem
FNDA:0,_default
FNDA:0,DumiDemo
FNDA:0,_default
FNDA:0,(anonymous_19)
FNDA:0,(anonymous_20)
FNDA:0,DumiDemo
FNDA:0,_default
FNDA:0,DumiDemo
FNDA:0,_default
FNDA:0,onTap
FNDA:0,DumiDemo
FNDA:0,Demo
FNDA:0,onTap
FNDA:0,_default
FNDA:0,DumiDemo
FNDA:0,_default
FNDA:0,onTap
FNDA:0,(anonymous_33)
FNDA:0,onTap
FNDA:0,DumiDemo
FNDA:0,_default
FNDA:0,onTap
FNDA:0,DumiDemo
FNDA:0,renderItem
FNDA:0,_default
FNDA:0,DumiDemo
FNDA:0,_default
FNDA:0,formatValue
FNDA:0,DumiDemo
FNDA:0,_default
FNDA:0,renderItem
FNDA:0,DumiDemo
FNDA:0,_default
FNDA:0,onTap
FNDA:0,(anonymous_50)
FNDA:0,onTap
FNDA:0,(anonymous_52)
FNDA:0,DumiDemo
FNDA:0,_default
FNDA:0,DumiDemo
FNDA:0,_default
FNDA:0,onTap
FNDA:0,DumiDemo
FNDA:0,_default
FNDA:0,DumiDemo
FNDA:0,_default
FNDA:0,(anonymous_62)
FNDA:0,DumiDemo
FNDA:0,_default
FNDA:0,DumiDemo
FNDA:0,_default
FNDA:0,DumiDemo
FNDA:0,_default
FNDA:0,DumiDemo
FNDA:0,_default
FNDA:0,onChange
FNDA:0,(anonymous_72)
FNDA:0,onChange
FNDA:0,(anonymous_74)
FNDA:0,onChange
FNDA:0,(anonymous_76)
FNDA:0,DumiDemo
FNDA:0,_default
FNDA:0,renderItem
FNDA:0,DumiDemo
FNDA:0,_default
FNDA:0,DumiDemo
FNDA:0,_default
FNDA:0,DumiDemo
FNDA:0,_default
FNDA:0,DumiDemo
FNDA:0,_default
FNDA:0,onTap
FNDA:0,DumiDemo
FNDA:0,_default
FNDA:0,DumiDemo
FNDA:0,_default
FNDA:0,onFinish
FNDA:0,onTap
FNDA:0,DumiDemo
FNDA:0,_default
FNDA:0,onTap
FNDA:0,DumiDemo
FNDA:0,_default
FNDA:0,onTap
FNDA:0,DumiDemo
FNDA:0,_default
FNDA:0,onTap
FNDA:0,DumiDemo
FNDA:0,_default
FNDA:0,DumiDemo
FNDA:0,_default
FNDA:0,(anonymous_108)
FNDA:0,DumiDemo
FNDA:0,_default
FNDA:0,DumiDemo
FNDA:0,_default
FNDA:0,DumiDemo
FNDA:0,_default
FNDA:0,DumiDemo
FNDA:0,_default
DA:10,0
DA:12,0
DA:14,0
DA:16,0
DA:17,0
DA:23,0
DA:29,0
DA:35,0
DA:37,0
DA:39,0
DA:41,0
DA:42,0
DA:54,0
DA:60,0
DA:62,0
DA:64,0
DA:66,0
DA:67,0
DA:106,0
DA:112,0
DA:114,0
DA:116,0
DA:118,0
DA:119,0
DA:124,0
DA:133,0
DA:139,0
DA:141,0
DA:143,0
DA:145,0
DA:147,0
DA:149,0
DA:150,0
DA:151,0
DA:152,0
DA:153,0
DA:155,0
DA:161,0
DA:170,0
DA:177,0
DA:183,0
DA:185,0
DA:187,0
DA:189,0
DA:191,0
DA:192,0
DA:212,0
DA:214,0
DA:215,0
DA:224,0
DA:230,0
DA:232,0
DA:234,0
DA:236,0
DA:238,0
DA:240,0
DA:241,0
DA:242,0
DA:243,0
DA:244,0
DA:246,0
DA:247,0
DA:255,0
DA:256,0
DA:264,0
DA:292,0
DA:298,0
DA:300,0
DA:302,0
DA:304,0
DA:306,0
DA:307,0
DA:332,0
DA:338,0
DA:340,0
DA:342,0
DA:344,0
DA:346,0
DA:348,0
DA:349,0
DA:350,0
DA:351,0
DA:352,0
DA:354,0
DA:363,0
DA:368,0
DA:374,0
DA:376,0
DA:378,0
DA:380,0
DA:382,0
DA:384,0
DA:386,0
DA:387,0
DA:388,0
DA:389,0
DA:391,0
DA:422,0
DA:427,0
DA:428,0
DA:429,0
DA:430,0
DA:431,0
DA:433,0
DA:434,0
DA:435,0
DA:437,0
DA:450,0
DA:456,0
DA:458,0
DA:460,0
DA:462,0
DA:464,0
DA:465,0
DA:466,0
DA:467,0
DA:469,0
DA:470,0
DA:471,0
DA:473,0
DA:520,0
DA:538,0
DA:539,0
DA:550,0
DA:555,0
DA:561,0
DA:563,0
DA:565,0
DA:567,0
DA:568,0
DA:574,0
DA:577,0
DA:583,0
DA:589,0
DA:591,0
DA:593,0
DA:595,0
DA:596,0
DA:612,0
DA:614,0
DA:615,0
DA:624,0
DA:630,0
DA:632,0
DA:634,0
DA:636,0
DA:638,0
DA:640,0
DA:641,0
DA:642,0
DA:643,0
DA:644,0
DA:646,0
DA:662,0
DA:680,0
DA:686,0
DA:688,0
DA:690,0
DA:692,0
DA:694,0
DA:695,0
DA:702,0
DA:703,0
DA:704,0
DA:711,0
DA:717,0
DA:719,0
DA:721,0
DA:723,0
DA:725,0
DA:727,0
DA:728,0
DA:729,0
DA:730,0
DA:731,0
DA:733,0
DA:734,0
DA:735,0
DA:736,0
DA:738,0
DA:745,0
DA:746,0
DA:747,0
DA:755,0
DA:756,0
DA:757,0
DA:763,0
DA:769,0
DA:771,0
DA:773,0
DA:775,0
DA:776,0
DA:805,0
DA:811,0
DA:813,0
DA:815,0
DA:817,0
DA:819,0
DA:821,0
DA:822,0
DA:823,0
DA:824,0
DA:825,0
DA:827,0
DA:844,0
DA:849,0
DA:855,0
DA:857,0
DA:859,0
DA:861,0
DA:862,0
DA:868,0
DA:874,0
DA:876,0
DA:878,0
DA:880,0
DA:881,0
DA:896,0
DA:902,0
DA:908,0
DA:910,0
DA:912,0
DA:914,0
DA:915,0
DA:927,0
DA:933,0
DA:935,0
DA:937,0
DA:939,0
DA:940,0
DA:959,0
DA:965,0
DA:967,0
DA:969,0
DA:971,0
DA:972,0
DA:984,0
DA:990,0
DA:992,0
DA:994,0
DA:996,0
DA:998,0
DA:1000,0
DA:1001,0
DA:1002,0
DA:1003,0
DA:1004,0
DA:1006,0
DA:1012,0
DA:1036,0
DA:1043,0
DA:1067,0
DA:1076,0
DA:1100,0
DA:1110,0
DA:1116,0
DA:1118,0
DA:1120,0
DA:1122,0
DA:1124,0
DA:1126,0
DA:1127,0
DA:1128,0
DA:1129,0
DA:1130,0
DA:1132,0
DA:1172,0
DA:1173,0
DA:1179,0
DA:1202,0
DA:1208,0
DA:1210,0
DA:1212,0
DA:1214,0
DA:1215,0
DA:1224,0
DA:1230,0
DA:1232,0
DA:1234,0
DA:1236,0
DA:1237,0
DA:1246,0
DA:1252,0
DA:1254,0
DA:1256,0
DA:1258,0
DA:1260,0
DA:1261,0
DA:1269,0
DA:1275,0
DA:1277,0
DA:1279,0
DA:1281,0
DA:1283,0
DA:1285,0
DA:1286,0
DA:1287,0
DA:1288,0
DA:1289,0
DA:1291,0
DA:1304,0
DA:1310,0
DA:1316,0
DA:1318,0
DA:1320,0
DA:1322,0
DA:1323,0
DA:1337,0
DA:1343,0
DA:1345,0
DA:1347,0
DA:1349,0
DA:1351,0
DA:1353,0
DA:1354,0
DA:1355,0
DA:1356,0
DA:1357,0
DA:1359,0
DA:1360,0
DA:1361,0
DA:1363,0
DA:1377,0
DA:1392,0
DA:1397,0
DA:1403,0
DA:1405,0
DA:1407,0
DA:1409,0
DA:1410,0
DA:1416,0
DA:1419,0
DA:1425,0
DA:1431,0
DA:1433,0
DA:1435,0
DA:1437,0
DA:1438,0
DA:1444,0
DA:1453,0
DA:1459,0
DA:1461,0
DA:1463,0
DA:1465,0
DA:1466,0
DA:1472,0
DA:1480,0
DA:1486,0
DA:1488,0
DA:1490,0
DA:1492,0
DA:1493,0
DA:1534,0
DA:1540,0
DA:1542,0
DA:1544,0
DA:1546,0
DA:1548,0
DA:1549,0
DA:1558,0
DA:1573,0
DA:1579,0
DA:1581,0
DA:1583,0
DA:1585,0
DA:1587,0
DA:1589,0
DA:1590,0
DA:1591,0
DA:1592,0
DA:1593,0
DA:1595,0
DA:1617,0
DA:1623,0
DA:1625,0
DA:1627,0
DA:1629,0
DA:1630,0
DA:1655,0
DA:1661,0
DA:1663,0
DA:1665,0
DA:1667,0
DA:1668,0
DA:1687,0
DA:1695,0
DA:1701,0
DA:1703,0
DA:1705,0
DA:1707,0
DA:1708,0
DA:1722,0
LF:392
LH:0
BRDA:124,0,0,0
BRDA:124,0,1,0
BRDA:409,1,0,0
BRDA:409,1,1,0
BRDA:540,2,0,0
BRDA:540,2,1,0
BRDA:543,3,0,0
BRDA:543,3,1,0
BRDA:742,4,0,0
BRDA:742,4,1,0
BRDA:750,5,0,0
BRDA:750,5,1,0
BRDA:1172,6,0,0
BRDA:1172,6,1,0
BRDA:1394,7,0,0
BRDA:1394,7,1,0
BRF:16
BRH:0
end_of_record
TN:
SF:src/_mock/getList.tsx
FN:3,(anonymous_0)
FN:6,(anonymous_1)
FN:11,(anonymous_2)
FNF:3
FNH:0
FNDA:0,(anonymous_0)
FNDA:0,(anonymous_1)
FNDA:0,(anonymous_2)
DA:4,0
DA:5,0
DA:6,0
DA:11,0
DA:12,0
LF:5
LH:0
BRDA:3,0,0,0
BRF:1
BRH:0
end_of_record
TN:
SF:src/_mock/getObject.tsx
FN:1,(anonymous_0)
FN:2,(anonymous_1)
FN:4,(anonymous_2)
FNF:3
FNH:0
FNDA:0,(anonymous_0)
FNDA:0,(anonymous_1)
FNDA:0,(anonymous_2)
DA:2,0
DA:3,0
DA:4,0
LF:3
LH:0
BRF:0
BRH:0
end_of_record
TN:
SF:src/address-options/index.tsx
FN:13,(anonymous_0)
FN:15,(anonymous_1)
FN:26,(anonymous_2)
FN:28,(anonymous_3)
FN:41,(anonymous_4)
FNF:5
FNH:0
FNDA:0,(anonymous_0)
FNDA:0,(anonymous_1)
FNDA:0,(anonymous_2)
FNDA:0,(anonymous_3)
FNDA:0,(anonymous_4)
DA:13,0
DA:14,0
DA:15,0
DA:17,0
DA:18,0
DA:19,0
DA:26,0
DA:27,0
DA:28,0
DA:30,0
DA:31,0
DA:32,0
DA:40,0
DA:41,0
LF:14
LH:0
BRDA:17,0,0,0
BRDA:17,0,1,0
BRDA:18,1,0,0
BRDA:18,1,1,0
BRDA:30,2,0,0
BRDA:30,2,1,0
BRDA:31,3,0,0
BRDA:31,3,1,0
BRF:8
BRH:0
end_of_record
TN:
SF:src/axios/index.ali.ts
FNF:0
FNH:0
DA:4,0
LF:1
LH:0
BRF:0
BRH:0
end_of_record
TN:
SF:src/axios/index.ts
FNF:0
FNH:0
LF:0
LH:0
BRF:0
BRH:0
end_of_record
TN:
SF:src/axios/index.wechat.ts
FNF:0
FNH:0
DA:4,0
LF:1
LH:0
BRF:0
BRH:0
end_of_record
TN:
SF:src/bar-code/common.ts
FNF:0
FNH:0
LF:0
LH:0
BRF:0
BRH:0
end_of_record
TN:
SF:src/bar-code/index.tsx
FN:5,(anonymous_0)
FN:7,(anonymous_1)
FNF:2
FNH:0
FNDA:0,(anonymous_0)
FNDA:0,(anonymous_1)
DA:6,0
DA:7,0
DA:8,0
DA:14,0
DA:15,0
DA:17,0
LF:6
LH:0
BRF:0
BRH:0
end_of_record
TN:
SF:src/bar-code/index.wechat.tsx
FN:9,(anonymous_0)
FN:11,(anonymous_1)
FN:13,(anonymous_2)
FNF:3
FNH:0
FNDA:0,(anonymous_0)
FNDA:0,(anonymous_1)
FNDA:0,(anonymous_2)
DA:10,0
DA:11,0
DA:12,0
DA:13,0
DA:14,0
DA:21,0
DA:23,0
LF:7
LH:0
BRF:0
BRH:0
end_of_record
TN:
SF:src/button/index.tsx
FN:74,(anonymous_0)
FNF:1
FNH:0
FNDA:0,(anonymous_0)
DA:89,0
LF:1
LH:0
BRDA:77,0,0,0
BRDA:78,1,0,0
BRDA:79,2,0,0
BRDA:82,3,0,0
BRDA:83,4,0,0
BRDA:84,5,0,0
BRDA:85,6,0,0
BRDA:103,7,0,0
BRDA:103,7,1,0
BRDA:109,8,0,0
BRDA:109,8,1,0
BRDA:112,9,0,0
BRDA:112,9,1,0
BRF:13
BRH:0
end_of_record
TN:
SF:src/calendar/index.tsx
FN:10,(anonymous_0)
FN:63,(anonymous_1)
FN:69,(anonymous_2)
FN:76,(anonymous_3)
FN:80,(anonymous_4)
FN:89,(anonymous_5)
FN:94,(anonymous_6)
FNF:7
FNH:0
FNDA:0,(anonymous_0)
FNDA:0,(anonymous_1)
FNDA:0,(anonymous_2)
FNDA:0,(anonymous_3)
FNDA:0,(anonymous_4)
FNDA:0,(anonymous_5)
FNDA:0,(anonymous_6)
DA:8,0
DA:10,0
DA:11,0
DA:69,0
DA:75,0
DA:76,0
DA:78,0
DA:81,0
DA:90,0
DA:91,0
DA:92,0
DA:95,0
DA:96,0
LF:13
LH:0
BRDA:69,0,0,0
BRDA:76,1,0,0
BRDA:76,1,1,0
BRDA:84,2,0,0
BRDA:84,2,1,0
BRDA:99,3,0,0
BRDA:99,3,1,0
BRDA:109,4,0,0
BRDA:109,4,1,0
BRF:9
BRH:0
end_of_record
TN:
SF:src/check-box/index.tsx
FN:46,(anonymous_0)
FN:59,(anonymous_1)
FN:83,(anonymous_2)
FN:88,(anonymous_3)
FN:91,(anonymous_4)
FN:97,(anonymous_5)
FN:121,(anonymous_6)
FNF:7
FNH:0
FNDA:0,(anonymous_0)
FNDA:0,(anonymous_1)
FNDA:0,(anonymous_2)
FNDA:0,(anonymous_3)
FNDA:0,(anonymous_4)
FNDA:0,(anonymous_5)
FNDA:0,(anonymous_6)
DA:46,0
DA:57,0
DA:59,0
DA:60,0
DA:63,0
DA:83,0
DA:88,0
DA:89,0
DA:90,0
DA:91,0
DA:94,0
DA:95,0
DA:97,0
DA:98,0
DA:99,0
DA:100,0
DA:104,0
DA:106,0
DA:121,0
DA:122,0
DA:123,0
LF:21
LH:0
BRDA:52,0,0,0
BRDA:55,1,0,0
BRDA:65,2,0,0
BRDA:65,2,1,0
BRDA:73,3,0,0
BRDA:73,3,1,0
BRDA:76,4,0,0
BRDA:76,4,1,0
BRDA:85,5,0,0
BRDA:89,6,0,0
BRDA:89,6,1,0
BRDA:90,7,0,0
BRDA:90,7,1,0
BRDA:94,8,0,0
BRDA:94,8,1,0
BRDA:94,9,0,0
BRDA:94,9,1,0
BRDA:98,10,0,0
BRDA:98,10,1,0
BRDA:100,11,0,0
BRDA:100,11,1,0
BRDA:101,12,0,0
BRDA:101,12,1,0
BRDA:101,12,2,0
BRDA:122,13,0,0
BRF:25
BRH:0
end_of_record
TN:
SF:src/common-img/index.tsx
FNF:0
FNH:0
LF:0
LH:0
BRF:0
BRH:0
end_of_record
TN:
SF:src/config-provider/index.tsx
FN:15,(anonymous_0)
FNF:1
FNH:0
FNDA:0,(anonymous_0)
DA:15,0
LF:1
LH:0
BRDA:15,0,0,0
BRDA:15,1,0,0
BRF:2
BRH:0
end_of_record
TN:
SF:src/drop-down-menu/index.tsx
FN:28,isReactElement
FN:32,(anonymous_1)
FN:42,(anonymous_2)
FN:43,(anonymous_3)
FN:47,(anonymous_4)
FN:48,(anonymous_5)
FNF:6
FNH:0
FNDA:0,isReactElement
FNDA:0,(anonymous_1)
FNDA:0,(anonymous_2)
FNDA:0,(anonymous_3)
FNDA:0,(anonymous_4)
FNDA:0,(anonymous_5)
DA:29,0
DA:39,0
DA:40,0
DA:41,0
DA:43,0
DA:44,0
DA:45,0
DA:48,0
DA:49,0
DA:50,0
DA:51,0
DA:56,0
DA:58,0
DA:62,0
LF:14
LH:0
BRDA:29,0,0,0
BRDA:29,0,1,0
BRDA:36,1,0,0
BRDA:38,2,0,0
BRDA:44,3,0,0
BRDA:44,3,1,0
BRDA:49,4,0,0
BRDA:49,4,1,0
BRDA:65,5,0,0
BRDA:65,5,1,0
BRDA:65,5,2,0
BRF:11
BRH:0
end_of_record
TN:
SF:src/drop-down-menu-item/index.tsx
FN:50,(anonymous_0)
FN:68,(anonymous_1)
FN:69,(anonymous_2)
FN:79,(anonymous_3)
FN:96,(anonymous_4)
FN:100,(anonymous_5)
FNF:6
FNH:0
FNDA:0,(anonymous_0)
FNDA:0,(anonymous_1)
FNDA:0,(anonymous_2)
FNDA:0,(anonymous_3)
FNDA:0,(anonymous_4)
FNDA:0,(anonymous_5)
DA:61,0
DA:68,0
DA:69,0
DA:72,0
DA:80,0
DA:97,0
DA:101,0
LF:7
LH:0
BRDA:58,0,0,0
BRDA:84,1,0,0
BRDA:84,1,1,0
BRDA:107,2,0,0
BRDA:107,2,1,0
BRF:5
BRH:0
end_of_record
TN:
SF:src/exceed/index.tsx
FN:28,(anonymous_0)
FNF:1
FNH:0
FNDA:0,(anonymous_0)
DA:38,0
LF:1
LH:0
BRDA:29,0,0,0
BRDA:35,1,0,0
BRDA:43,2,0,0
BRDA:43,2,1,0
BRDA:46,3,0,0
BRDA:46,3,1,0
BRF:6
BRH:0
end_of_record
TN:
SF:src/fold/index.tsx
FN:15,(anonymous_0)
FNF:1
FNH:0
FNDA:0,(anonymous_0)
DA:13,0
DA:21,0
DA:22,0
DA:23,0
DA:24,0
LF:5
LH:0
BRDA:18,0,0,0
BRDA:23,1,0,0
BRDA:23,1,1,0
BRDA:30,2,0,0
BRDA:30,2,1,0
BRF:5
BRH:0
end_of_record
TN:
SF:src/form/index.tsx
FN:25,(anonymous_0)
FN:139,(anonymous_1)
FN:149,(anonymous_2)
FN:158,(anonymous_3)
FNF:4
FNH:0
FNDA:0,(anonymous_0)
FNDA:0,(anonymous_1)
FNDA:0,(anonymous_2)
FNDA:0,(anonymous_3)
DA:24,0
DA:25,0
DA:137,0
DA:148,0
DA:150,0
DA:159,0
DA:171,0
DA:175,0
DA:176,0
DA:177,0
DA:178,0
LF:11
LH:0
BRDA:25,0,0,0
BRDA:25,0,1,0
BRDA:142,1,0,0
BRDA:143,2,0,0
BRDA:151,3,0,0
BRDA:151,3,1,0
BRF:6
BRH:0
end_of_record
TN:
SF:src/form-item/index.tsx
FN:10,(anonymous_0)
FN:53,(anonymous_1)
FN:119,(anonymous_2)
FN:132,(anonymous_3)
FNF:4
FNH:0
FNDA:0,(anonymous_0)
FNDA:0,(anonymous_1)
FNDA:0,(anonymous_2)
FNDA:0,(anonymous_3)
DA:34,0
DA:49,0
DA:51,0
DA:52,0
DA:53,0
DA:54,0
DA:55,0
DA:56,0
DA:57,0
DA:59,0
DA:60,0
DA:61,0
DA:63,0
DA:64,0
DA:65,0
DA:67,0
DA:70,0
DA:78,0
DA:119,0
DA:132,0
LF:20
LH:0
BRDA:13,0,0,0
BRDA:13,1,0,0
BRDA:13,1,1,0
BRDA:13,2,0,0
BRDA:13,2,1,0
BRDA:16,3,0,0
BRDA:18,4,0,0
BRDA:18,5,0,0
BRDA:18,5,1,0
BRDA:31,6,0,0
BRDA:36,7,0,0
BRDA:38,8,0,0
BRDA:39,9,0,0
BRDA:40,10,0,0
BRDA:41,11,0,0
BRDA:42,12,0,0
BRDA:42,13,0,0
BRDA:42,13,1,0
BRDA:43,14,0,0
BRDA:44,15,0,0
BRDA:45,16,0,0
BRDA:46,17,0,0
BRDA:47,18,0,0
BRDA:48,19,0,0
BRDA:49,20,0,0
BRDA:49,20,1,0
BRDA:51,21,0,0
BRDA:51,21,1,0
BRDA:51,22,0,0
BRDA:51,22,1,0
BRDA:52,23,0,0
BRDA:52,23,1,0
BRDA:54,24,0,0
BRDA:54,24,1,0
BRDA:55,25,0,0
BRDA:55,25,1,0
BRDA:57,26,0,0
BRDA:57,26,1,0
BRDA:59,27,0,0
BRDA:59,27,1,0
BRDA:63,28,0,0
BRDA:63,28,1,0
BRDA:71,29,0,0
BRDA:71,29,1,0
BRDA:75,30,0,0
BRDA:75,30,1,0
BRDA:80,31,0,0
BRDA:80,31,1,0
BRDA:91,32,0,0
BRDA:91,32,1,0
BRDA:93,33,0,0
BRDA:93,33,1,0
BRDA:93,33,2,0
BRDA:93,33,3,0
BRDA:100,34,0,0
BRDA:100,34,1,0
BRDA:109,35,0,0
BRDA:109,35,1,0
BRDA:111,36,0,0
BRDA:111,36,1,0
BRDA:118,37,0,0
BRDA:118,37,1,0
BRDA:122,38,0,0
BRDA:122,38,1,0
BRDA:122,39,0,0
BRDA:122,39,1,0
BRDA:127,40,0,0
BRDA:127,40,1,0
BRDA:129,41,0,0
BRDA:129,41,1,0
BRDA:132,42,0,0
BRDA:132,42,1,0
BRDA:148,43,0,0
BRDA:148,43,1,0
BRF:74
BRH:0
end_of_record
TN:
SF:src/get-address/index.tsx
FN:3,(anonymous_0)
FN:6,(anonymous_1)
FN:7,(anonymous_2)
FNF:3
FNH:0
FNDA:0,(anonymous_0)
FNDA:0,(anonymous_1)
FNDA:0,(anonymous_2)
DA:4,0
DA:5,0
DA:6,0
DA:7,0
DA:8,0
DA:9,0
DA:10,0
DA:11,0
DA:13,0
DA:14,0
DA:16,0
DA:18,0
DA:19,0
LF:13
LH:0
BRDA:3,0,0,0
BRDA:9,1,0,0
BRDA:9,1,1,0
BRDA:13,2,0,0
BRDA:13,2,1,0
BRF:5
BRH:0
end_of_record
TN:
SF:src/hide-loading/index.tsx
FNF:0
FNH:0
LF:0
LH:0
BRF:0
BRH:0
end_of_record
TN:
SF:src/hide-loading/index.web.tsx
FN:3,(anonymous_0)
FNF:1
FNH:0
FNDA:0,(anonymous_0)
DA:4,0
DA:5,0
LF:2
LH:0
BRF:0
BRH:0
end_of_record
TN:
SF:src/icon/index.tsx
FN:21,(anonymous_0)
FNF:1
FNH:1
FNDA:1,(anonymous_0)
DA:29,1
DA:30,1
DA:31,1
LF:3
LH:3
BRDA:24,0,0,1
BRDA:42,1,0,1
BRDA:42,1,1,0
BRF:3
BRH:2
end_of_record
TN:
SF:src/icon/one/index.tsx
FNF:0
FNH:0
LF:0
LH:0
BRF:0
BRH:0
end_of_record
TN:
SF:src/icon/one/index.wechat.tsx
FNF:0
FNH:0
LF:0
LH:0
BRF:0
BRH:0
end_of_record
TN:
SF:src/icon/web/KqAdd.tsx
FN:16,(anonymous_0)
FNF:1
FNH:0
FNDA:0,(anonymous_0)
DA:12,1
DA:16,1
DA:22,0
DA:24,0
DA:40,1
LF:5
LH:3
BRDA:22,0,0,0
BRDA:22,0,1,0
BRF:2
BRH:0
end_of_record
TN:
SF:src/icon/web/KqClear.tsx
FN:16,(anonymous_0)
FNF:1
FNH:0
FNDA:0,(anonymous_0)
DA:12,1
DA:16,1
DA:22,0
DA:24,0
DA:40,1
LF:5
LH:3
BRDA:22,0,0,0
BRDA:22,0,1,0
BRF:2
BRH:0
end_of_record
TN:
SF:src/icon/web/KqClear2.tsx
FN:16,(anonymous_0)
FNF:1
FNH:0
FNDA:0,(anonymous_0)
DA:12,1
DA:16,1
DA:22,0
DA:24,0
DA:40,1
LF:5
LH:3
BRDA:22,0,0,0
BRDA:22,0,1,0
BRF:2
BRH:0
end_of_record
TN:
SF:src/icon/web/KqDown.tsx
FN:16,(anonymous_0)
FNF:1
FNH:0
FNDA:0,(anonymous_0)
DA:12,1
DA:16,1
DA:22,0
DA:24,0
DA:40,1
LF:5
LH:3
BRDA:22,0,0,0
BRDA:22,0,1,0
BRF:2
BRH:0
end_of_record
TN:
SF:src/icon/web/KqHomeSolid.tsx
FN:16,(anonymous_0)
FNF:1
FNH:0
FNDA:0,(anonymous_0)
DA:12,1
DA:16,1
DA:22,0
DA:24,0
DA:44,1
LF:5
LH:3
BRDA:22,0,0,0
BRDA:22,0,1,0
BRF:2
BRH:0
end_of_record
TN:
SF:src/icon/web/KqJianshao.tsx
FN:16,(anonymous_0)
FNF:1
FNH:0
FNDA:0,(anonymous_0)
DA:12,1
DA:16,1
DA:22,0
DA:24,0
DA:40,1
LF:5
LH:3
BRDA:22,0,0,0
BRDA:22,0,1,0
BRF:2
BRH:0
end_of_record
TN:
SF:src/icon/web/KqLoading.tsx
FN:16,(anonymous_0)
FNF:1
FNH:0
FNDA:0,(anonymous_0)
DA:12,1
DA:16,1
DA:22,0
DA:24,0
DA:40,1
LF:5
LH:3
BRDA:22,0,0,0
BRDA:22,0,1,0
BRF:2
BRH:0
end_of_record
TN:
SF:src/icon/web/KqLoading2.tsx
FN:16,(anonymous_0)
FNF:1
FNH:0
FNDA:0,(anonymous_0)
DA:12,1
DA:16,1
DA:22,0
DA:24,0
DA:40,1
LF:5
LH:3
BRDA:22,0,0,0
BRDA:22,0,1,0
BRF:2
BRH:0
end_of_record
TN:
SF:src/icon/web/KqMonitor.tsx
FN:16,(anonymous_0)
FNF:1
FNH:0
FNDA:0,(anonymous_0)
DA:12,1
DA:16,1
DA:22,0
DA:24,0
DA:49,1
LF:5
LH:3
BRDA:22,0,0,0
BRDA:22,0,1,0
BRF:2
BRH:0
end_of_record
TN:
SF:src/icon/web/KqNotice.tsx
FN:16,(anonymous_0)
FNF:1
FNH:0
FNDA:0,(anonymous_0)
DA:12,1
DA:16,1
DA:22,0
DA:24,0
DA:40,1
LF:5
LH:3
BRDA:22,0,0,0
BRDA:22,0,1,0
BRF:2
BRH:0
end_of_record
TN:
SF:src/icon/web/KqRight.tsx
FN:16,(anonymous_0)
FNF:1
FNH:0
FNDA:0,(anonymous_0)
DA:12,1
DA:16,1
DA:22,0
DA:24,0
DA:40,1
LF:5
LH:3
BRDA:22,0,0,0
BRDA:22,0,1,0
BRF:2
BRH:0
end_of_record
TN:
SF:src/icon/web/KqSearch.tsx
FN:16,(anonymous_0)
FNF:1
FNH:0
FNDA:0,(anonymous_0)
DA:12,1
DA:16,1
DA:22,0
DA:24,0
DA:44,1
LF:5
LH:3
BRDA:22,0,0,0
BRDA:22,0,1,0
BRF:2
BRH:0
end_of_record
TN:
SF:src/icon/web/KqTip.tsx
FN:16,(anonymous_0)
FNF:1
FNH:0
FNDA:0,(anonymous_0)
DA:12,1
DA:16,1
DA:22,0
DA:24,0
DA:40,1
LF:5
LH:3
BRDA:22,0,0,0
BRDA:22,0,1,0
BRF:2
BRH:0
end_of_record
TN:
SF:src/icon/web/KqXingxing.tsx
FN:16,(anonymous_0)
FNF:1
FNH:0
FNDA:0,(anonymous_0)
DA:12,1
DA:16,1
DA:22,0
DA:24,0
DA:40,1
LF:5
LH:3
BRDA:22,0,0,0
BRDA:22,0,1,0
BRF:2
BRH:0
end_of_record
TN:
SF:src/icon/web/KqYes.tsx
FN:16,(anonymous_0)
FNF:1
FNH:0
FNDA:0,(anonymous_0)
DA:12,1
DA:16,1
DA:22,0
DA:24,0
DA:40,1
LF:5
LH:3
BRDA:22,0,0,0
BRDA:22,0,1,0
BRF:2
BRH:0
end_of_record
TN:
SF:src/icon/web/KqZengjia.tsx
FN:16,(anonymous_0)
FNF:1
FNH:0
FNDA:0,(anonymous_0)
DA:12,1
DA:16,1
DA:22,0
DA:24,0
DA:40,1
LF:5
LH:3
BRDA:22,0,0,0
BRDA:22,0,1,0
BRF:2
BRH:0
end_of_record
TN:
SF:src/icon/web/helper.ts
FN:4,(anonymous_0)
FNF:1
FNH:0
FNDA:0,(anonymous_0)
DA:4,1
DA:9,0
LF:2
LH:1
BRDA:9,0,0,0
BRDA:9,0,1,0
BRDA:10,1,0,0
BRDA:10,1,1,0
BRDA:12,2,0,0
BRDA:12,2,1,0
BRF:6
BRH:0
end_of_record
TN:
SF:src/icon/web/index.tsx
FN:46,(anonymous_0)
FNF:1
FNH:0
FNDA:0,(anonymous_0)
DA:46,1
DA:47,0
DA:49,0
DA:51,0
DA:53,0
DA:55,0
DA:57,0
DA:59,0
DA:61,0
DA:63,0
DA:65,0
DA:67,0
DA:69,0
DA:71,0
DA:73,0
DA:75,0
DA:77,0
DA:79,0
DA:82,0
LF:19
LH:1
BRDA:47,0,0,0
BRDA:47,0,1,0
BRDA:47,0,2,0
BRDA:47,0,3,0
BRDA:47,0,4,0
BRDA:47,0,5,0
BRDA:47,0,6,0
BRDA:47,0,7,0
BRDA:47,0,8,0
BRDA:47,0,9,0
BRDA:47,0,10,0
BRDA:47,0,11,0
BRDA:47,0,12,0
BRDA:47,0,13,0
BRDA:47,0,14,0
BRDA:47,0,15,0
BRF:16
BRH:0
end_of_record
TN:
SF:src/icon/wechat/index.tsx
FN:30,(anonymous_0)
FNF:1
FNH:0
FNDA:0,(anonymous_0)
DA:30,0
DA:31,0
LF:2
LH:0
BRF:0
BRH:0
end_of_record
TN:
SF:src/icon/wechat/index.wechat.tsx
FN:30,(anonymous_0)
FNF:1
FNH:0
FNDA:0,(anonymous_0)
DA:30,0
DA:31,0
DA:35,0
DA:38,0
LF:4
LH:0
BRF:0
BRH:0
end_of_record
TN:
SF:src/icon/wechat/wechat/wechat.js
FN:10,(anonymous_0)
FN:20,(anonymous_1)
FN:34,(anonymous_2)
FN:42,(anonymous_3)
FN:46,(anonymous_4)
FN:55,(anonymous_5)
FNF:6
FNH:0
FNDA:0,(anonymous_0)
FNDA:0,(anonymous_1)
FNDA:0,(anonymous_2)
FNDA:0,(anonymous_3)
FNDA:0,(anonymous_4)
FNDA:0,(anonymous_5)
DA:1,0
DA:11,0
DA:21,0
DA:35,0
DA:36,0
DA:38,0
DA:39,0
DA:42,0
DA:43,0
DA:47,0
DA:49,0
DA:51,0
DA:52,0
DA:55,0
DA:56,0
DA:57,0
DA:60,0
LF:17
LH:0
BRDA:38,0,0,0
BRDA:38,0,1,0
BRDA:39,1,0,0
BRDA:39,1,1,0
BRDA:43,2,0,0
BRDA:43,2,1,0
BRDA:51,3,0,0
BRDA:51,3,1,0
BRF:8
BRH:0
end_of_record
TN:
SF:src/input-number/index.tsx
FN:92,(anonymous_0)
FN:105,(anonymous_1)
FN:114,(anonymous_2)
FN:119,(anonymous_3)
FN:124,(anonymous_4)
FN:129,(anonymous_5)
FN:135,(anonymous_6)
FN:140,(anonymous_7)
FN:144,(anonymous_8)
FN:153,(anonymous_9)
FNF:10
FNH:0
FNDA:0,(anonymous_0)
FNDA:0,(anonymous_1)
FNDA:0,(anonymous_2)
FNDA:0,(anonymous_3)
FNDA:0,(anonymous_4)
FNDA:0,(anonymous_5)
FNDA:0,(anonymous_6)
FNDA:0,(anonymous_7)
FNDA:0,(anonymous_8)
FNDA:0,(anonymous_9)
DA:105,0
DA:110,0
DA:112,0
DA:114,0
DA:119,0
DA:120,0
DA:124,0
DA:125,0
DA:129,0
DA:135,0
DA:140,0
DA:141,0
DA:144,0
DA:145,0
DA:146,0
DA:148,0
DA:149,0
DA:150,0
DA:153,0
DA:154,0
DA:155,0
DA:157,0
DA:158,0
DA:159,0
DA:162,0
LF:25
LH:0
BRDA:93,0,0,0
BRDA:94,1,0,0
BRDA:96,2,0,0
BRDA:97,3,0,0
BRDA:98,4,0,0
BRDA:105,5,0,0
BRDA:114,6,0,0
BRDA:114,6,1,0
BRDA:120,7,0,0
BRDA:120,7,1,0
BRDA:125,8,0,0
BRDA:125,8,1,0
BRDA:129,9,0,0
BRDA:129,9,1,0
BRDA:141,10,0,0
BRDA:141,10,1,0
BRDA:145,11,0,0
BRDA:145,11,1,0
BRDA:154,12,0,0
BRDA:154,12,1,0
BRDA:168,13,0,0
BRDA:168,13,1,0
BRDA:172,14,0,0
BRDA:172,14,1,0
BRDA:172,15,0,0
BRDA:172,15,1,0
BRDA:182,16,0,0
BRDA:182,16,1,0
BRF:28
BRH:0
end_of_record
TN:
SF:src/list/index.tsx
FN:43,(anonymous_0)
FN:66,(anonymous_1)
FN:69,(anonymous_2)
FN:71,(anonymous_3)
FN:72,(anonymous_4)
FNF:5
FNH:0
FNDA:0,(anonymous_0)
FNDA:0,(anonymous_1)
FNDA:0,(anonymous_2)
FNDA:0,(anonymous_3)
FNDA:0,(anonymous_4)
DA:42,0
DA:60,0
DA:61,0
DA:66,0
DA:67,0
DA:69,0
DA:71,0
DA:72,0
LF:8
LH:0
BRDA:47,0,0,0
BRDA:47,1,0,0
BRDA:47,1,1,0
BRDA:52,2,0,0
BRDA:55,3,0,0
BRDA:74,4,0,0
BRDA:74,4,1,0
BRDA:76,5,0,0
BRDA:76,5,1,0
BRDA:77,6,0,0
BRDA:77,6,1,0
BRDA:77,6,2,0
BRDA:78,7,0,0
BRDA:78,7,1,0
BRDA:78,7,2,0
BRF:15
BRH:0
end_of_record
TN:
SF:src/loading/index.tsx
FN:22,(anonymous_0)
FNF:1
FNH:0
FNDA:0,(anonymous_0)
DA:23,0
DA:24,0
LF:2
LH:0
BRDA:22,0,0,0
BRDA:22,1,0,0
BRDA:25,2,0,0
BRDA:25,2,1,0
BRDA:27,3,0,0
BRDA:27,3,1,0
BRDA:29,4,0,0
BRDA:29,4,1,0
BRDA:30,5,0,0
BRDA:30,5,1,0
BRDA:31,6,0,0
BRDA:31,6,1,0
BRDA:33,7,0,0
BRDA:33,7,1,0
BRF:14
BRH:0
end_of_record
TN:
SF:src/menu/index.tsx
FN:51,(anonymous_0)
FN:63,(anonymous_1)
FN:67,(anonymous_2)
FN:75,(anonymous_3)
FN:85,(anonymous_4)
FN:90,(anonymous_5)
FNF:6
FNH:0
FNDA:0,(anonymous_0)
FNDA:0,(anonymous_1)
FNDA:0,(anonymous_2)
FNDA:0,(anonymous_3)
FNDA:0,(anonymous_4)
FNDA:0,(anonymous_5)
DA:62,0
DA:63,0
DA:64,0
DA:68,0
DA:76,0
DA:77,0
DA:86,0
DA:90,0
LF:8
LH:0
BRDA:58,0,0,0
BRDA:63,1,0,0
BRDA:63,1,1,0
BRDA:73,2,0,0
BRDA:73,2,1,0
BRDA:88,3,0,0
BRDA:88,3,1,0
BRF:7
BRH:0
end_of_record
TN:
SF:src/need-wrap/index.tsx
FN:20,(anonymous_0)
FNF:1
FNH:1
FNDA:1,(anonymous_0)
DA:27,1
LF:1
LH:1
BRDA:27,0,0,0
BRDA:27,0,1,1
BRDA:32,1,0,1
BRDA:32,1,1,1
BRF:4
BRH:3
end_of_record
TN:
SF:src/no-data/index.tsx
FN:9,(anonymous_0)
FNF:1
FNH:0
FNDA:0,(anonymous_0)
DA:10,0
LF:1
LH:0
BRDA:9,0,0,0
BRF:1
BRH:0
end_of_record
TN:
SF:src/notice-bar/index.tsx
FN:40,(anonymous_0)
FNF:1
FNH:0
FNDA:0,(anonymous_0)
DA:40,0
DA:49,0
DA:50,0
DA:51,0
DA:52,0
DA:53,0
DA:54,0
LF:7
LH:0
BRDA:44,0,0,0
BRDA:45,1,0,0
BRDA:46,2,0,0
BRDA:51,3,0,0
BRDA:53,4,0,0
BRDA:59,5,0,0
BRDA:59,5,1,0
BRDA:60,6,0,0
BRDA:60,6,1,0
BRF:9
BRH:0
end_of_record
TN:
SF:src/part-title/index.tsx
FN:21,(anonymous_0)
FNF:1
FNH:0
FNDA:0,(anonymous_0)
DA:28,0
LF:1
LH:0
BRDA:25,0,0,0
BRDA:33,1,0,0
BRDA:33,1,1,0
BRDA:37,2,0,0
BRDA:37,2,1,0
BRF:5
BRH:0
end_of_record
TN:
SF:src/picker/common.tsx
FN:24,(anonymous_0)
FN:27,(anonymous_1)
FN:30,(anonymous_2)
FN:39,(anonymous_3)
FN:40,(anonymous_4)
FN:57,(anonymous_5)
FNF:6
FNH:0
FNDA:0,(anonymous_0)
FNDA:0,(anonymous_1)
FNDA:0,(anonymous_2)
FNDA:0,(anonymous_3)
FNDA:0,(anonymous_4)
FNDA:0,(anonymous_5)
DA:24,0
DA:25,0
DA:27,0
DA:30,0
DA:38,0
DA:39,0
DA:40,0
DA:42,0
DA:43,0
DA:57,0
DA:58,0
DA:59,0
DA:60,0
DA:69,0
LF:14
LH:0
BRDA:27,0,0,0
BRDA:27,0,1,0
BRDA:32,1,0,0
BRDA:38,2,0,0
BRDA:38,2,1,0
BRDA:39,3,0,0
BRDA:39,3,1,0
BRDA:42,4,0,0
BRDA:42,4,1,0
BRDA:42,5,0,0
BRDA:42,5,1,0
BRDA:43,6,0,0
BRDA:43,6,1,0
BRDA:45,7,0,0
BRDA:45,7,1,0
BRDA:59,8,0,0
BRDA:59,9,0,0
BRDA:59,10,0,0
BRDA:59,11,0,0
BRF:19
BRH:0
end_of_record
TN:
SF:src/picker/index.ali.tsx
FN:5,(anonymous_0)
FN:6,(anonymous_1)
FN:11,(anonymous_2)
FN:15,(anonymous_3)
FN:20,(anonymous_4)
FN:21,(anonymous_5)
FN:23,(anonymous_6)
FN:26,(anonymous_7)
FN:28,(anonymous_8)
FNF:9
FNH:0
FNDA:0,(anonymous_0)
FNDA:0,(anonymous_1)
FNDA:0,(anonymous_2)
FNDA:0,(anonymous_3)
FNDA:0,(anonymous_4)
FNDA:0,(anonymous_5)
FNDA:0,(anonymous_6)
FNDA:0,(anonymous_7)
FNDA:0,(anonymous_8)
DA:5,0
DA:6,0
DA:12,0
DA:13,0
DA:16,0
DA:20,0
DA:22,0
DA:23,0
DA:24,0
DA:26,0
DA:28,0
LF:11
LH:0
BRDA:24,0,0,0
BRDA:24,0,1,0
BRF:2
BRH:0
end_of_record
TN:
SF:src/picker/index.tsx
FN:6,(anonymous_0)
FN:24,(anonymous_1)
FN:41,(anonymous_2)
FNF:3
FNH:0
FNDA:0,(anonymous_0)
FNDA:0,(anonymous_1)
FNDA:0,(anonymous_2)
DA:18,0
DA:19,0
DA:25,0
DA:42,0
LF:4
LH:0
BRDA:13,0,0,0
BRDA:19,1,0,0
BRDA:19,1,1,0
BRDA:34,2,0,0
BRDA:34,2,1,0
BRDA:35,3,0,0
BRDA:35,3,1,0
BRDA:37,4,0,0
BRDA:37,4,1,0
BRDA:43,5,0,0
BRDA:43,5,1,0
BRDA:44,6,0,0
BRDA:44,6,1,0
BRF:13
BRH:0
end_of_record
TN:
SF:src/picker/index.wechat.tsx
FN:12,(anonymous_0)
FN:14,(anonymous_1)
FN:24,(anonymous_2)
FN:29,(anonymous_3)
FN:31,(anonymous_4)
FN:40,(anonymous_5)
FN:42,(anonymous_6)
FN:46,(anonymous_7)
FN:52,(anonymous_8)
FN:64,(anonymous_9)
FN:68,(anonymous_10)
FN:71,(anonymous_11)
FNF:12
FNH:0
FNDA:0,(anonymous_0)
FNDA:0,(anonymous_1)
FNDA:0,(anonymous_2)
FNDA:0,(anonymous_3)
FNDA:0,(anonymous_4)
FNDA:0,(anonymous_5)
FNDA:0,(anonymous_6)
FNDA:0,(anonymous_7)
FNDA:0,(anonymous_8)
FNDA:0,(anonymous_9)
FNDA:0,(anonymous_10)
FNDA:0,(anonymous_11)
DA:14,0
DA:22,0
DA:23,0
DA:25,0
DA:28,0
DA:29,0
DA:30,0
DA:31,0
DA:32,0
DA:36,0
DA:38,0
DA:39,0
DA:40,0
DA:41,0
DA:42,0
DA:43,0
DA:46,0
DA:49,0
DA:52,0
DA:53,0
DA:56,0
DA:65,0
DA:66,0
DA:69,0
DA:70,0
DA:71,0
DA:72,0
DA:76,0
DA:78,0
LF:29
LH:0
BRDA:14,0,0,0
BRDA:21,1,0,0
BRDA:25,2,0,0
BRDA:25,2,1,0
BRDA:33,3,0,0
BRDA:33,3,1,0
BRDA:43,4,0,0
BRDA:43,4,1,0
BRDA:63,5,0,0
BRDA:63,5,1,0
BRDA:69,6,0,0
BRDA:69,6,1,0
BRDA:69,7,0,0
BRDA:69,7,1,0
BRDA:73,8,0,0
BRDA:73,8,1,0
BRF:16
BRH:0
end_of_record
TN:
SF:src/px-to-rpx/index.tsx
FN:3,(anonymous_0)
FNF:1
FNH:0
FNDA:0,(anonymous_0)
DA:4,0
DA:5,0
LF:2
LH:0
BRF:0
BRH:0
end_of_record
TN:
SF:src/qr-code/common.tsx
FNF:0
FNH:0
LF:0
LH:0
BRF:0
BRH:0
end_of_record
TN:
SF:src/qr-code/index.tsx
FN:9,(anonymous_0)
FN:12,(anonymous_1)
FNF:2
FNH:0
FNDA:0,(anonymous_0)
FNDA:0,(anonymous_1)
DA:10,0
DA:13,0
DA:22,0
LF:3
LH:0
BRF:0
BRH:0
end_of_record
TN:
SF:src/qr-code/index.wechat.tsx
FN:8,(anonymous_0)
FN:10,(anonymous_1)
FNF:2
FNH:0
FNDA:0,(anonymous_0)
FNDA:0,(anonymous_1)
DA:9,0
DA:11,0
DA:18,0
LF:3
LH:0
BRF:0
BRH:0
end_of_record
TN:
SF:src/radio/index.tsx
FN:61,(anonymous_0)
FN:97,(anonymous_1)
FN:125,(anonymous_2)
FN:130,(anonymous_3)
FN:133,(anonymous_4)
FN:150,(anonymous_5)
FN:154,(anonymous_6)
FNF:7
FNH:0
FNDA:0,(anonymous_0)
FNDA:0,(anonymous_1)
FNDA:0,(anonymous_2)
FNDA:0,(anonymous_3)
FNDA:0,(anonymous_4)
FNDA:0,(anonymous_5)
FNDA:0,(anonymous_6)
DA:61,0
DA:75,0
DA:76,0
DA:97,0
DA:125,0
DA:130,0
DA:131,0
DA:133,0
DA:134,0
DA:135,0
DA:136,0
DA:137,0
DA:142,0
DA:146,0
DA:150,0
DA:151,0
DA:152,0
DA:154,0
DA:155,0
DA:156,0
DA:159,0
LF:21
LH:0
BRDA:66,0,0,0
BRDA:67,1,0,0
BRDA:68,2,0,0
BRDA:69,3,0,0
BRDA:74,4,0,0
BRDA:85,5,0,0
BRDA:85,5,1,0
BRDA:85,6,0,0
BRDA:85,6,1,0
BRDA:89,7,0,0
BRDA:89,7,1,0
BRDA:91,8,0,0
BRDA:91,8,1,0
BRDA:94,9,0,0
BRDA:94,9,1,0
BRDA:94,10,0,0
BRDA:94,10,1,0
BRDA:99,11,0,0
BRDA:99,11,1,0
BRDA:105,12,0,0
BRDA:105,12,1,0
BRDA:106,13,0,0
BRDA:106,13,1,0
BRDA:136,14,0,0
BRDA:136,14,1,0
BRDA:136,15,0,0
BRDA:136,15,1,0
BRDA:136,15,2,0
BRDA:138,16,0,0
BRDA:138,16,1,0
BRDA:138,16,2,0
BRDA:138,16,3,0
BRF:32
BRH:0
end_of_record
TN:
SF:src/rate/index.tsx
FN:71,(anonymous_0)
FN:87,(anonymous_1)
FN:93,(anonymous_2)
FN:104,(anonymous_3)
FN:111,(anonymous_4)
FN:124,(anonymous_5)
FN:138,(anonymous_6)
FNF:7
FNH:0
FNDA:0,(anonymous_0)
FNDA:0,(anonymous_1)
FNDA:0,(anonymous_2)
FNDA:0,(anonymous_3)
FNDA:0,(anonymous_4)
FNDA:0,(anonymous_5)
FNDA:0,(anonymous_6)
DA:84,0
DA:85,0
DA:87,0
DA:92,0
DA:94,0
DA:95,0
DA:97,0
DA:98,0
DA:103,0
DA:105,0
DA:106,0
DA:107,0
DA:112,0
DA:113,0
DA:122,0
DA:125,0
DA:126,0
DA:132,0
DA:138,0
LF:19
LH:0
BRDA:75,0,0,0
BRDA:76,1,0,0
BRDA:77,2,0,0
BRDA:80,3,0,0
BRDA:81,4,0,0
BRDA:87,5,0,0
BRDA:87,5,1,0
BRDA:94,6,0,0
BRDA:94,6,1,0
BRDA:105,7,0,0
BRDA:105,7,1,0
BRDA:107,8,0,0
BRDA:107,8,1,0
BRDA:125,9,0,0
BRDA:125,9,1,0
BRDA:137,10,0,0
BRDA:137,10,1,0
BRDA:140,11,0,0
BRDA:140,11,1,0
BRDA:140,12,0,0
BRDA:140,12,1,0
BRF:21
BRH:0
end_of_record
TN:
SF:src/re-input/index.tsx
FN:7,(anonymous_0)
FNF:1
FNH:0
FNDA:0,(anonymous_0)
DA:8,0
DA:9,0
LF:2
LH:0
BRF:0
BRH:0
end_of_record
TN:
SF:src/re-input/index.wechat.tsx
FN:7,(anonymous_0)
FNF:1
FNH:0
FNDA:0,(anonymous_0)
DA:8,0
DA:9,0
LF:2
LH:0
BRF:0
BRH:0
end_of_record
TN:
SF:src/re-input/useInput.tsx
FN:22,(anonymous_0)
FN:39,(anonymous_1)
FN:45,(anonymous_2)
FNF:3
FNH:0
FNDA:0,(anonymous_0)
FNDA:0,(anonymous_1)
FNDA:0,(anonymous_2)
DA:30,0
DA:40,0
DA:41,0
DA:45,0
LF:4
LH:0
BRF:0
BRH:0
end_of_record
TN:
SF:src/re-textarea/index.tsx
FN:7,(anonymous_0)
FNF:1
FNH:0
FNDA:0,(anonymous_0)
DA:8,0
DA:9,0
LF:2
LH:0
BRF:0
BRH:0
end_of_record
TN:
SF:src/re-textarea/index.wechat.tsx
FN:7,(anonymous_0)
FNF:1
FNH:0
FNDA:0,(anonymous_0)
DA:8,0
DA:9,0
LF:2
LH:0
BRF:0
BRH:0
end_of_record
TN:
SF:src/rich-text/index.tsx
FN:5,(anonymous_0)
FNF:1
FNH:0
FNDA:0,(anonymous_0)
DA:6,0
DA:7,0
LF:2
LH:0
BRF:0
BRH:0
end_of_record
TN:
SF:src/rich-text/index.wechat.tsx
FN:5,(anonymous_0)
FNF:1
FNH:0
FNDA:0,(anonymous_0)
DA:6,0
DA:7,0
LF:2
LH:0
BRF:0
BRH:0
end_of_record
TN:
SF:src/rich-text/useProps.tsx
FN:5,(anonymous_0)
FNF:1
FNH:0
FNDA:0,(anonymous_0)
DA:11,0
LF:1
LH:0
BRDA:6,0,0,0
BRDA:7,1,0,0
BRF:2
BRH:0
end_of_record
TN:
SF:src/rotate/index.tsx
FN:17,(anonymous_0)
FNF:1
FNH:0
FNDA:0,(anonymous_0)
DA:18,0
LF:1
LH:0
BRDA:17,0,0,0
BRDA:21,1,0,0
BRDA:21,1,1,0
BRDA:25,2,0,0
BRDA:25,2,1,0
BRF:5
BRH:0
end_of_record
TN:
SF:src/rpx-to-px/index.tsx
FN:3,(anonymous_0)
FNF:1
FNH:0
FNDA:0,(anonymous_0)
DA:4,0
LF:1
LH:0
BRF:0
BRH:0
end_of_record
TN:
SF:src/screen-width/index.tsx
FNF:0
FNH:0
LF:0
LH:0
BRF:0
BRH:0
end_of_record
TN:
SF:src/screen-width/index.wechat.tsx
FNF:0
FNH:0
DA:3,0
LF:1
LH:0
BRF:0
BRH:0
end_of_record
TN:
SF:src/search/index.tsx
FN:24,(anonymous_0)
FN:34,(anonymous_1)
FN:50,(anonymous_2)
FN:62,(anonymous_3)
FNF:4
FNH:0
FNDA:0,(anonymous_0)
FNDA:0,(anonymous_1)
FNDA:0,(anonymous_2)
FNDA:0,(anonymous_3)
DA:33,0
DA:34,0
DA:35,0
DA:36,0
DA:38,0
DA:51,0
DA:62,0
LF:7
LH:0
BRDA:30,0,0,0
BRDA:53,1,0,0
BRDA:53,1,1,0
BRDA:59,2,0,0
BRDA:59,2,1,0
BRF:5
BRH:0
end_of_record
TN:
SF:src/shadow/index.tsx
FN:20,(anonymous_0)
FNF:1
FNH:0
FNDA:0,(anonymous_0)
DA:5,0
DA:26,0
DA:27,0
DA:28,0
LF:4
LH:0
BRDA:26,0,0,0
BRDA:32,1,0,0
BRDA:32,1,1,0
BRDA:44,2,0,0
BRDA:44,2,1,0
BRF:5
BRH:0
end_of_record
TN:
SF:src/show-loading/index.tsx
FNF:0
FNH:0
LF:0
LH:0
BRF:0
BRH:0
end_of_record
TN:
SF:src/show-loading/index.web.tsx
FN:3,(anonymous_0)
FNF:1
FNH:0
FNDA:0,(anonymous_0)
DA:4,0
DA:5,0
LF:2
LH:0
BRF:0
BRH:0
end_of_record
TN:
SF:src/show-modal/index.tsx
FNF:0
FNH:0
LF:0
LH:0
BRF:0
BRH:0
end_of_record
TN:
SF:src/show-modal/index.web.tsx
FN:3,(anonymous_0)
FN:10,(anonymous_1)
FN:13,(anonymous_2)
FN:17,(anonymous_3)
FNF:4
FNH:0
FNDA:0,(anonymous_0)
FNDA:0,(anonymous_1)
FNDA:0,(anonymous_2)
FNDA:0,(anonymous_3)
DA:3,0
DA:10,0
DA:11,0
DA:13,0
DA:15,0
DA:17,0
DA:19,0
LF:7
LH:0
BRDA:4,0,0,0
BRDA:5,1,0,0
BRDA:6,2,0,0
BRDA:7,3,0,0
BRDA:8,4,0,0
BRDA:19,5,0,0
BRDA:19,5,1,0
BRF:7
BRH:0
end_of_record
TN:
SF:src/show-toast/index.tsx
FN:10,(anonymous_0)
FNF:1
FNH:0
FNDA:0,(anonymous_0)
DA:10,0
LF:1
LH:0
BRF:0
BRH:0
end_of_record
TN:
SF:src/show-toast/index.web.tsx
FN:3,(anonymous_0)
FN:4,(anonymous_1)
FN:9,(anonymous_2)
FNF:3
FNH:0
FNDA:0,(anonymous_0)
FNDA:0,(anonymous_1)
FNDA:0,(anonymous_2)
DA:4,0
DA:5,0
DA:6,0
DA:7,0
DA:9,0
LF:5
LH:0
BRDA:3,0,0,0
BRDA:3,1,0,0
BRDA:5,2,0,0
BRDA:5,2,1,0
BRF:4
BRH:0
end_of_record
TN:
SF:src/space/index.tsx
FN:65,(anonymous_0)
FN:82,(anonymous_1)
FN:86,(anonymous_2)
FN:105,(anonymous_3)
FNF:4
FNH:0
FNDA:0,(anonymous_0)
FNDA:0,(anonymous_1)
FNDA:0,(anonymous_2)
FNDA:0,(anonymous_3)
DA:80,0
DA:83,0
DA:86,0
DA:87,0
DA:106,0
DA:107,0
DA:108,0
LF:7
LH:0
BRDA:67,0,0,0
BRDA:80,1,0,0
BRDA:80,1,1,0
BRDA:83,2,0,0
BRDA:83,2,1,0
BRDA:90,3,0,0
BRDA:90,3,1,0
BRDA:106,4,0,0
BRDA:106,4,1,0
BRDA:112,5,0,0
BRDA:112,5,1,0
BRDA:113,6,0,0
BRDA:113,6,1,0
BRDA:115,7,0,0
BRDA:115,7,1,0
BRF:15
BRH:0
end_of_record
TN:
SF:src/step/index.tsx
FN:47,(anonymous_0)
FN:60,(anonymous_1)
FNF:2
FNH:0
FNDA:0,(anonymous_0)
FNDA:0,(anonymous_1)
DA:58,0
DA:61,0
DA:62,0
DA:63,0
DA:64,0
LF:5
LH:0
BRDA:55,0,0,0
BRDA:62,1,0,0
BRDA:62,1,1,0
BRDA:63,2,0,0
BRDA:63,2,1,0
BRDA:70,3,0,0
BRDA:70,3,1,0
BRDA:75,4,0,0
BRDA:75,4,1,0
BRDA:77,5,0,0
BRDA:77,5,1,0
BRDA:77,6,0,0
BRDA:77,6,1,0
BRDA:78,7,0,0
BRDA:78,7,1,0
BRDA:82,8,0,0
BRDA:82,8,1,0
BRDA:100,9,0,0
BRDA:100,9,1,0
BRF:19
BRH:0
end_of_record
TN:
SF:src/switch/index.tsx
FN:47,(anonymous_0)
FN:60,(anonymous_1)
FN:65,(anonymous_2)
FN:73,(anonymous_3)
FNF:4
FNH:0
FNDA:0,(anonymous_0)
FNDA:0,(anonymous_1)
FNDA:0,(anonymous_2)
FNDA:0,(anonymous_3)
DA:58,0
DA:60,0
DA:65,0
DA:66,0
DA:67,0
DA:69,0
DA:70,0
DA:73,0
DA:74,0
DA:75,0
DA:76,0
DA:78,0
DA:79,0
DA:80,0
DA:82,0
DA:85,0
LF:16
LH:0
BRDA:51,0,0,0
BRDA:60,1,0,0
BRDA:60,1,1,0
BRDA:66,2,0,0
BRDA:66,2,1,0
BRDA:75,3,0,0
BRDA:75,3,1,0
BRDA:78,4,0,0
BRDA:78,4,1,0
BRF:9
BRH:0
end_of_record
TN:
SF:src/tab/index.tsx
FN:36,(anonymous_0)
FN:56,(anonymous_1)
FN:62,(anonymous_2)
FNF:3
FNH:0
FNDA:0,(anonymous_0)
FNDA:0,(anonymous_1)
FNDA:0,(anonymous_2)
DA:45,0
DA:46,0
DA:47,0
DA:50,0
DA:51,0
DA:52,0
DA:54,0
DA:57,0
DA:63,0
DA:64,0
LF:10
LH:0
BRDA:48,0,0,0
BRDA:48,0,1,0
BRDA:48,0,2,0
BRDA:50,1,0,0
BRDA:50,1,1,0
BRDA:69,2,0,0
BRDA:69,2,1,0
BRDA:69,2,2,0
BRDA:73,3,0,0
BRDA:73,3,1,0
BRDA:75,4,0,0
BRDA:75,4,1,0
BRF:12
BRH:0
end_of_record
TN:
SF:src/tab-bar/index.tsx
FN:50,(anonymous_0)
FN:66,(anonymous_1)
FN:71,(anonymous_2)
FNF:3
FNH:0
FNDA:0,(anonymous_0)
FNDA:0,(anonymous_1)
FNDA:0,(anonymous_2)
DA:50,0
DA:59,0
DA:60,0
DA:61,0
DA:67,0
DA:72,0
DA:73,0
LF:7
LH:0
BRDA:54,0,0,0
BRDA:55,1,0,0
BRDA:56,2,0,0
BRDA:60,3,0,0
BRDA:60,3,1,0
BRDA:77,4,0,0
BRDA:77,4,1,0
BRDA:79,5,0,0
BRDA:79,5,1,0
BRDA:83,6,0,0
BRDA:83,6,1,0
BRF:11
BRH:0
end_of_record
TN:
SF:src/tip/index.tsx
FN:43,(anonymous_0)
FN:71,(anonymous_1)
FNF:2
FNH:0
FNDA:0,(anonymous_0)
FNDA:0,(anonymous_1)
DA:53,0
DA:72,0
LF:2
LH:0
BRDA:47,0,0,0
BRDA:50,1,0,0
BRDA:61,2,0,0
BRDA:61,2,1,0
BRF:4
BRH:0
end_of_record
TN:
SF:src/use-view-size/index.tsx
FN:4,(anonymous_0)
FN:12,(anonymous_1)
FNF:2
FNH:1
FNDA:1,(anonymous_0)
FNDA:0,(anonymous_1)
DA:5,1
DA:10,1
DA:11,1
DA:12,1
DA:13,0
DA:14,0
DA:16,0
DA:19,1
LF:8
LH:5
BRDA:10,0,0,1
BRDA:10,0,1,1
BRDA:13,1,0,0
BRDA:13,1,1,0
BRF:4
BRH:2
end_of_record
TN:
SF:src/use-view-size/index.wechat.tsx
FN:4,(anonymous_0)
FN:9,(anonymous_1)
FN:11,(anonymous_2)
FNF:3
FNH:0
FNDA:0,(anonymous_0)
FNDA:0,(anonymous_1)
FNDA:0,(anonymous_2)
DA:5,0
DA:9,0
DA:10,0
DA:11,0
DA:12,0
DA:13,0
DA:16,0
DA:18,0
LF:8
LH:0
BRDA:12,0,0,0
BRDA:12,0,1,0
BRF:2
BRH:0
end_of_record
TN:
SF:src/visible/index.tsx
FN:14,(anonymous_0)
FNF:1
FNH:0
FNDA:0,(anonymous_0)
DA:15,0
LF:1
LH:0
BRDA:16,0,0,0
BRDA:16,0,1,0
BRF:2
BRH:0
end_of_record
TN:
SF:src/visible/index.web.tsx
FN:11,(anonymous_0)
FN:14,(anonymous_1)
FNF:2
FNH:0
FNDA:0,(anonymous_0)
FNDA:0,(anonymous_1)
DA:12,0
DA:13,0
DA:14,0
DA:15,0
DA:16,0
DA:18,0
DA:21,0
LF:7
LH:0
BRDA:15,0,0,0
BRDA:15,0,1,0
BRF:2
BRH:0
end_of_record
TN:
SF:src/visible/native/index.js
FN:18,(anonymous_0)
FN:31,(anonymous_1)
FNF:2
FNH:0
FNDA:0,(anonymous_0)
FNDA:0,(anonymous_1)
DA:3,0
DA:6,0
DA:19,0
DA:23,0
DA:24,0
DA:26,0
DA:34,0
DA:35,0
DA:36,0
DA:37,0
DA:39,0
LF:11
LH:0
BRDA:28,0,0,0
BRDA:28,0,1,0
BRDA:29,1,0,0
BRDA:29,1,1,0
BRDA:36,2,0,0
BRDA:36,2,1,0
BRF:6
BRH:0
end_of_record
